# Logfile created on 2014-03-07 09:12:54 +0100 by logger.rb/44203
I, [2014-03-07T09:12:54.573991 #2126]  INFO -- : 0:  rake (10.1.1) from /home/student/.rvm/gems/ruby-2.1.0/specifications/rake-10.1.1.gemspec
I, [2014-03-07T09:12:54.574152 #2126]  INFO -- : 0:  i18n (0.6.9) from /home/student/.rvm/gems/ruby-2.1.0/specifications/i18n-0.6.9.gemspec
I, [2014-03-07T09:12:54.655541 #2126]  INFO -- : 0:  minitest (4.7.5) from /home/student/.rvm/gems/ruby-2.1.0/specifications/minitest-4.7.5.gemspec
I, [2014-03-07T09:12:55.990970 #2126]  INFO -- : 0:  multi_json (1.9.0) from /home/student/.rvm/gems/ruby-2.1.0/specifications/multi_json-1.9.0.gemspec
I, [2014-03-07T09:12:58.675391 #2126]  INFO -- : 0:  atomic (1.1.15) from /home/student/.rvm/gems/ruby-2.1.0/specifications/atomic-1.1.15.gemspec
I, [2014-03-07T09:13:00.167394 #2126]  INFO -- : 0:  thread_safe (0.2.0) from /home/student/.rvm/gems/ruby-2.1.0/specifications/thread_safe-0.2.0.gemspec
I, [2014-03-07T09:13:00.167909 #2126]  INFO -- : 0:  tzinfo (0.3.38) from /home/student/.rvm/gems/ruby-2.1.0/specifications/tzinfo-0.3.38.gemspec
I, [2014-03-07T09:13:00.168309 #2126]  INFO -- : 0:  activesupport (4.0.3) from /home/student/.rvm/gems/ruby-2.1.0/specifications/activesupport-4.0.3.gemspec
I, [2014-03-07T09:13:00.168706 #2126]  INFO -- : 0:  builder (3.1.4) from /home/student/.rvm/gems/ruby-2.1.0/specifications/builder-3.1.4.gemspec
I, [2014-03-07T09:13:00.169111 #2126]  INFO -- : 0:  erubis (2.7.0) from /home/student/.rvm/gems/ruby-2.1.0/specifications/erubis-2.7.0.gemspec
I, [2014-03-07T09:13:00.169529 #2126]  INFO -- : 0:  rack (1.5.2) from /home/student/.rvm/gems/ruby-2.1.0/specifications/rack-1.5.2.gemspec
I, [2014-03-07T09:13:00.169938 #2126]  INFO -- : 0:  rack-test (0.6.2) from /home/student/.rvm/gems/ruby-2.1.0/specifications/rack-test-0.6.2.gemspec
I, [2014-03-07T09:13:00.170282 #2126]  INFO -- : 0:  actionpack (4.0.3) from /home/student/.rvm/gems/ruby-2.1.0/specifications/actionpack-4.0.3.gemspec
I, [2014-03-07T09:13:00.170443 #2126]  INFO -- : 0:  mime-types (1.25.1) from /home/student/.rvm/gems/ruby-2.1.0/specifications/mime-types-1.25.1.gemspec
I, [2014-03-07T09:13:00.170848 #2126]  INFO -- : 0:  polyglot (0.3.4) from /home/student/.rvm/gems/ruby-2.1.0/specifications/polyglot-0.3.4.gemspec
I, [2014-03-07T09:13:00.171218 #2126]  INFO -- : 0:  treetop (1.4.15) from /home/student/.rvm/gems/ruby-2.1.0/specifications/treetop-1.4.15.gemspec
I, [2014-03-07T09:13:00.171711 #2126]  INFO -- : 0:  mail (2.5.4) from /home/student/.rvm/gems/ruby-2.1.0/specifications/mail-2.5.4.gemspec
I, [2014-03-07T09:13:00.172051 #2126]  INFO -- : 0:  actionmailer (4.0.3) from /home/student/.rvm/gems/ruby-2.1.0/specifications/actionmailer-4.0.3.gemspec
I, [2014-03-07T09:13:00.172498 #2126]  INFO -- : 0:  activemodel (4.0.3) from /home/student/.rvm/gems/ruby-2.1.0/specifications/activemodel-4.0.3.gemspec
I, [2014-03-07T09:13:00.172884 #2126]  INFO -- : 0:  activerecord-deprecated_finders (1.0.3) from /home/student/.rvm/gems/ruby-2.1.0/specifications/activerecord-deprecated_finders-1.0.3.gemspec
I, [2014-03-07T09:13:00.173274 #2126]  INFO -- : 0:  arel (4.0.2) from /home/student/.rvm/gems/ruby-2.1.0/specifications/arel-4.0.2.gemspec
I, [2014-03-07T09:13:00.173652 #2126]  INFO -- : 0:  activerecord (4.0.3) from /home/student/.rvm/gems/ruby-2.1.0/specifications/activerecord-4.0.3.gemspec
I, [2014-03-07T09:13:00.173988 #2126]  INFO -- : 0:  bundler (1.5.0) from /home/student/.rvm/gems/ruby-2.1.0@global/specifications/bundler-1.5.0.gemspec
I, [2014-03-07T09:13:00.175067 #2126]  INFO -- : 0:  coffee-script-source (1.7.0) from /home/student/.rvm/gems/ruby-2.1.0/specifications/coffee-script-source-1.7.0.gemspec
I, [2014-03-07T09:13:00.175459 #2126]  INFO -- : 0:  execjs (2.0.2) from /home/student/.rvm/gems/ruby-2.1.0/specifications/execjs-2.0.2.gemspec
I, [2014-03-07T09:13:00.175850 #2126]  INFO -- : 0:  coffee-script (2.2.0) from /home/student/.rvm/gems/ruby-2.1.0/specifications/coffee-script-2.2.0.gemspec
I, [2014-03-07T09:13:00.176186 #2126]  INFO -- : 0:  thor (0.18.1) from /home/student/.rvm/gems/ruby-2.1.0/specifications/thor-0.18.1.gemspec
I, [2014-03-07T09:13:00.176585 #2126]  INFO -- : 0:  railties (4.0.3) from /home/student/.rvm/gems/ruby-2.1.0/specifications/railties-4.0.3.gemspec
I, [2014-03-07T09:13:00.176975 #2126]  INFO -- : 0:  coffee-rails (4.0.1) from /home/student/.rvm/gems/ruby-2.1.0/specifications/coffee-rails-4.0.1.gemspec
I, [2014-03-07T09:13:00.178443 #2126]  INFO -- : 0:  hike (1.2.3) from /home/student/.rvm/gems/ruby-2.1.0/specifications/hike-1.2.3.gemspec
I, [2014-03-07T09:13:00.178935 #2126]  INFO -- : 0:  jbuilder (1.5.3) from /home/student/.rvm/gems/ruby-2.1.0/specifications/jbuilder-1.5.3.gemspec
I, [2014-03-07T09:13:00.179420 #2126]  INFO -- : 0:  jquery-rails (3.1.0) from /home/student/.rvm/gems/ruby-2.1.0/specifications/jquery-rails-3.1.0.gemspec
I, [2014-03-07T09:13:01.719925 #2126]  INFO -- : 0:  json (1.8.1) from /home/student/.rvm/gems/ruby-2.1.0/specifications/json-1.8.1.gemspec
I, [2014-03-07T09:13:01.720522 #2126]  INFO -- : 0:  posix-spawn (0.3.8) from /home/student/.rvm/gems/ruby-2.1.0/specifications/posix-spawn-0.3.8.gemspec
I, [2014-03-07T09:13:01.720910 #2126]  INFO -- : 0:  yajl-ruby (1.1.0) from /home/student/.rvm/gems/ruby-2.1.0/specifications/yajl-ruby-1.1.0.gemspec
I, [2014-03-07T09:13:01.723261 #2126]  INFO -- : 0:  pygments.rb (0.5.4) from /home/student/.rvm/gems/ruby-2.1.0/specifications/pygments.rb-0.5.4.gemspec
I, [2014-03-07T09:13:01.723871 #2126]  INFO -- : 0:  quiet_assets (1.0.2) from /home/student/.rvm/gems/ruby-2.1.0/specifications/quiet_assets-1.0.2.gemspec
I, [2014-03-07T09:13:01.724288 #2126]  INFO -- : 0:  tilt (1.4.1) from /home/student/.rvm/gems/ruby-2.1.0/specifications/tilt-1.4.1.gemspec
I, [2014-03-07T09:13:01.724680 #2126]  INFO -- : 0:  sprockets (2.11.0) from /home/student/.rvm/gems/ruby-2.1.0/specifications/sprockets-2.11.0.gemspec
I, [2014-03-07T09:13:01.725089 #2126]  INFO -- : 0:  sprockets-rails (2.0.1) from /home/student/.rvm/gems/ruby-2.1.0/specifications/sprockets-rails-2.0.1.gemspec
I, [2014-03-07T09:13:01.725480 #2126]  INFO -- : 0:  rails (4.0.3) from /home/student/.rvm/gems/ruby-2.1.0/specifications/rails-4.0.3.gemspec
I, [2014-03-07T09:13:01.725875 #2126]  INFO -- : 0:  rdoc (4.1.1) from /home/student/.rvm/gems/ruby-2.1.0/specifications/rdoc-4.1.1.gemspec
I, [2014-03-07T09:13:01.726263 #2126]  INFO -- : 0:  redcarpet (3.1.1) from /home/student/.rvm/gems/ruby-2.1.0/specifications/redcarpet-3.1.1.gemspec
I, [2014-03-07T09:13:01.726429 #2126]  INFO -- : 0:  sass (3.2.14) from /home/student/.rvm/gems/ruby-2.1.0/specifications/sass-3.2.14.gemspec
I, [2014-03-07T09:13:01.726819 #2126]  INFO -- : 0:  sass-rails (4.0.1) from /home/student/.rvm/gems/ruby-2.1.0/specifications/sass-rails-4.0.1.gemspec
I, [2014-03-07T09:13:01.727203 #2126]  INFO -- : 0:  sdoc (0.4.0) from /home/student/.rvm/gems/ruby-2.1.0/specifications/sdoc-0.4.0.gemspec
I, [2014-03-07T09:13:06.465873 #2126]  INFO -- : 0:  sqlite3 (1.3.9) from /home/student/.rvm/gems/ruby-2.1.0/specifications/sqlite3-1.3.9.gemspec
I, [2014-03-07T09:13:06.466571 #2126]  INFO -- : 0:  turbolinks (2.2.1) from /home/student/.rvm/gems/ruby-2.1.0/specifications/turbolinks-2.2.1.gemspec
I, [2014-03-07T09:13:06.467011 #2126]  INFO -- : 0:  uglifier (2.4.0) from /home/student/.rvm/gems/ruby-2.1.0/specifications/uglifier-2.4.0.gemspec
I, [2014-03-07T16:43:35.930409 #1989]  INFO -- : 0:  rake (10.1.1) from /home/student/.rvm/gems/ruby-2.1.0/specifications/rake-10.1.1.gemspec
I, [2014-03-07T16:43:35.939346 #1989]  INFO -- : 0:  i18n (0.6.9) from /home/student/.rvm/gems/ruby-2.1.0/specifications/i18n-0.6.9.gemspec
I, [2014-03-07T16:43:36.034304 #1989]  INFO -- : 0:  minitest (4.7.5) from /home/student/.rvm/gems/ruby-2.1.0/specifications/minitest-4.7.5.gemspec
I, [2014-03-07T16:43:36.034925 #1989]  INFO -- : 0:  multi_json (1.9.0) from /home/student/.rvm/gems/ruby-2.1.0/specifications/multi_json-1.9.0.gemspec
I, [2014-03-07T16:43:36.035397 #1989]  INFO -- : 0:  atomic (1.1.15) from /home/student/.rvm/gems/ruby-2.1.0/specifications/atomic-1.1.15.gemspec
I, [2014-03-07T16:43:36.035901 #1989]  INFO -- : 0:  thread_safe (0.2.0) from /home/student/.rvm/gems/ruby-2.1.0/specifications/thread_safe-0.2.0.gemspec
I, [2014-03-07T16:43:36.036344 #1989]  INFO -- : 0:  tzinfo (0.3.38) from /home/student/.rvm/gems/ruby-2.1.0/specifications/tzinfo-0.3.38.gemspec
I, [2014-03-07T16:43:36.036764 #1989]  INFO -- : 0:  activesupport (4.0.3) from /home/student/.rvm/gems/ruby-2.1.0/specifications/activesupport-4.0.3.gemspec
I, [2014-03-07T16:43:36.037765 #1989]  INFO -- : 0:  builder (3.1.4) from /home/student/.rvm/gems/ruby-2.1.0/specifications/builder-3.1.4.gemspec
I, [2014-03-07T16:43:36.038268 #1989]  INFO -- : 0:  erubis (2.7.0) from /home/student/.rvm/gems/ruby-2.1.0/specifications/erubis-2.7.0.gemspec
I, [2014-03-07T16:43:36.038697 #1989]  INFO -- : 0:  rack (1.5.2) from /home/student/.rvm/gems/ruby-2.1.0/specifications/rack-1.5.2.gemspec
I, [2014-03-07T16:43:36.040070 #1989]  INFO -- : 0:  rack-test (0.6.2) from /home/student/.rvm/gems/ruby-2.1.0/specifications/rack-test-0.6.2.gemspec
I, [2014-03-07T16:43:36.040585 #1989]  INFO -- : 0:  actionpack (4.0.3) from /home/student/.rvm/gems/ruby-2.1.0/specifications/actionpack-4.0.3.gemspec
I, [2014-03-07T16:43:36.040987 #1989]  INFO -- : 0:  mime-types (1.25.1) from /home/student/.rvm/gems/ruby-2.1.0/specifications/mime-types-1.25.1.gemspec
I, [2014-03-07T16:43:36.041206 #1989]  INFO -- : 0:  polyglot (0.3.4) from /home/student/.rvm/gems/ruby-2.1.0/specifications/polyglot-0.3.4.gemspec
I, [2014-03-07T16:43:36.041655 #1989]  INFO -- : 0:  treetop (1.4.15) from /home/student/.rvm/gems/ruby-2.1.0/specifications/treetop-1.4.15.gemspec
I, [2014-03-07T16:43:36.042056 #1989]  INFO -- : 0:  mail (2.5.4) from /home/student/.rvm/gems/ruby-2.1.0/specifications/mail-2.5.4.gemspec
I, [2014-03-07T16:43:36.042485 #1989]  INFO -- : 0:  actionmailer (4.0.3) from /home/student/.rvm/gems/ruby-2.1.0/specifications/actionmailer-4.0.3.gemspec
I, [2014-03-07T16:43:36.042914 #1989]  INFO -- : 0:  activemodel (4.0.3) from /home/student/.rvm/gems/ruby-2.1.0/specifications/activemodel-4.0.3.gemspec
I, [2014-03-07T16:43:36.043357 #1989]  INFO -- : 0:  activerecord-deprecated_finders (1.0.3) from /home/student/.rvm/gems/ruby-2.1.0/specifications/activerecord-deprecated_finders-1.0.3.gemspec
I, [2014-03-07T16:43:36.043786 #1989]  INFO -- : 0:  arel (4.0.2) from /home/student/.rvm/gems/ruby-2.1.0/specifications/arel-4.0.2.gemspec
I, [2014-03-07T16:43:36.044221 #1989]  INFO -- : 0:  activerecord (4.0.3) from /home/student/.rvm/gems/ruby-2.1.0/specifications/activerecord-4.0.3.gemspec
I, [2014-03-07T16:43:36.046568 #1989]  INFO -- : 0:  sass (3.2.14) from /home/student/.rvm/gems/ruby-2.1.0/specifications/sass-3.2.14.gemspec
I, [2014-03-07T16:43:37.574048 #1989]  INFO -- : 0:  bootstrap-sass (2.3.2.0) from /home/student/.rvm/gems/ruby-2.1.0/specifications/bootstrap-sass-2.3.2.0.gemspec
I, [2014-03-07T16:43:37.574831 #1989]  INFO -- : 0:  bundler (1.5.0) from /home/student/.rvm/gems/ruby-2.1.0@global/specifications/bundler-1.5.0.gemspec
I, [2014-03-07T16:43:37.575959 #1989]  INFO -- : 0:  coffee-script-source (1.7.0) from /home/student/.rvm/gems/ruby-2.1.0/specifications/coffee-script-source-1.7.0.gemspec
I, [2014-03-07T16:43:37.576415 #1989]  INFO -- : 0:  execjs (2.0.2) from /home/student/.rvm/gems/ruby-2.1.0/specifications/execjs-2.0.2.gemspec
I, [2014-03-07T16:43:37.576891 #1989]  INFO -- : 0:  coffee-script (2.2.0) from /home/student/.rvm/gems/ruby-2.1.0/specifications/coffee-script-2.2.0.gemspec
I, [2014-03-07T16:43:37.577467 #1989]  INFO -- : 0:  thor (0.18.1) from /home/student/.rvm/gems/ruby-2.1.0/specifications/thor-0.18.1.gemspec
I, [2014-03-07T16:43:37.577877 #1989]  INFO -- : 0:  railties (4.0.3) from /home/student/.rvm/gems/ruby-2.1.0/specifications/railties-4.0.3.gemspec
I, [2014-03-07T16:43:37.578253 #1989]  INFO -- : 0:  coffee-rails (4.0.1) from /home/student/.rvm/gems/ruby-2.1.0/specifications/coffee-rails-4.0.1.gemspec
I, [2014-03-07T16:43:37.578663 #1989]  INFO -- : 0:  hike (1.2.3) from /home/student/.rvm/gems/ruby-2.1.0/specifications/hike-1.2.3.gemspec
I, [2014-03-07T16:43:37.579084 #1989]  INFO -- : 0:  jbuilder (1.5.3) from /home/student/.rvm/gems/ruby-2.1.0/specifications/jbuilder-1.5.3.gemspec
I, [2014-03-07T16:43:37.579516 #1989]  INFO -- : 0:  jquery-rails (3.1.0) from /home/student/.rvm/gems/ruby-2.1.0/specifications/jquery-rails-3.1.0.gemspec
I, [2014-03-07T16:43:39.976592 #1989]  INFO -- : 0:  json (1.8.1) from /home/student/.rvm/gems/ruby-2.1.0/specifications/json-1.8.1.gemspec
I, [2014-03-07T16:43:39.977096 #1989]  INFO -- : 0:  posix-spawn (0.3.8) from /home/student/.rvm/gems/ruby-2.1.0/specifications/posix-spawn-0.3.8.gemspec
I, [2014-03-07T16:43:39.977688 #1989]  INFO -- : 0:  yajl-ruby (1.1.0) from /home/student/.rvm/gems/ruby-2.1.0/specifications/yajl-ruby-1.1.0.gemspec
I, [2014-03-07T16:43:39.978150 #1989]  INFO -- : 0:  pygments.rb (0.5.4) from /home/student/.rvm/gems/ruby-2.1.0/specifications/pygments.rb-0.5.4.gemspec
I, [2014-03-07T16:43:39.978598 #1989]  INFO -- : 0:  quiet_assets (1.0.2) from /home/student/.rvm/gems/ruby-2.1.0/specifications/quiet_assets-1.0.2.gemspec
I, [2014-03-07T16:43:39.979059 #1989]  INFO -- : 0:  tilt (1.4.1) from /home/student/.rvm/gems/ruby-2.1.0/specifications/tilt-1.4.1.gemspec
I, [2014-03-07T16:43:39.979490 #1989]  INFO -- : 0:  sprockets (2.11.0) from /home/student/.rvm/gems/ruby-2.1.0/specifications/sprockets-2.11.0.gemspec
I, [2014-03-07T16:43:39.979962 #1989]  INFO -- : 0:  sprockets-rails (2.0.1) from /home/student/.rvm/gems/ruby-2.1.0/specifications/sprockets-rails-2.0.1.gemspec
I, [2014-03-07T16:43:39.980447 #1989]  INFO -- : 0:  rails (4.0.3) from /home/student/.rvm/gems/ruby-2.1.0/specifications/rails-4.0.3.gemspec
I, [2014-03-07T16:43:39.980700 #1989]  INFO -- : 0:  rdoc (4.1.1) from /home/student/.rvm/gems/ruby-2.1.0/specifications/rdoc-4.1.1.gemspec
I, [2014-03-07T16:43:39.981156 #1989]  INFO -- : 0:  redcarpet (3.1.1) from /home/student/.rvm/gems/ruby-2.1.0/specifications/redcarpet-3.1.1.gemspec
I, [2014-03-07T16:43:39.981586 #1989]  INFO -- : 0:  sass-rails (4.0.1) from /home/student/.rvm/gems/ruby-2.1.0/specifications/sass-rails-4.0.1.gemspec
I, [2014-03-07T16:43:39.982007 #1989]  INFO -- : 0:  sdoc (0.4.0) from /home/student/.rvm/gems/ruby-2.1.0/specifications/sdoc-0.4.0.gemspec
I, [2014-03-07T16:43:39.982433 #1989]  INFO -- : 0:  sqlite3 (1.3.9) from /home/student/.rvm/gems/ruby-2.1.0/specifications/sqlite3-1.3.9.gemspec
I, [2014-03-07T16:43:39.982898 #1989]  INFO -- : 0:  turbolinks (2.2.1) from /home/student/.rvm/gems/ruby-2.1.0/specifications/turbolinks-2.2.1.gemspec
I, [2014-03-07T16:43:39.983339 #1989]  INFO -- : 0:  uglifier (2.4.0) from /home/student/.rvm/gems/ruby-2.1.0/specifications/uglifier-2.4.0.gemspec
I, [2014-03-07T18:15:10.418746 #3432]  INFO -- : 0:  rake (10.1.1) from /home/student/.rvm/gems/ruby-2.1.0/specifications/rake-10.1.1.gemspec
I, [2014-03-07T18:15:10.419878 #3432]  INFO -- : 0:  i18n (0.6.9) from /home/student/.rvm/gems/ruby-2.1.0/specifications/i18n-0.6.9.gemspec
I, [2014-03-07T18:15:10.473679 #3432]  INFO -- : 0:  minitest (4.7.5) from /home/student/.rvm/gems/ruby-2.1.0/specifications/minitest-4.7.5.gemspec
I, [2014-03-07T18:15:10.474339 #3432]  INFO -- : 0:  multi_json (1.9.0) from /home/student/.rvm/gems/ruby-2.1.0/specifications/multi_json-1.9.0.gemspec
I, [2014-03-07T18:15:10.474770 #3432]  INFO -- : 0:  atomic (1.1.15) from /home/student/.rvm/gems/ruby-2.1.0/specifications/atomic-1.1.15.gemspec
I, [2014-03-07T18:15:10.475207 #3432]  INFO -- : 0:  thread_safe (0.2.0) from /home/student/.rvm/gems/ruby-2.1.0/specifications/thread_safe-0.2.0.gemspec
I, [2014-03-07T18:15:10.475623 #3432]  INFO -- : 0:  tzinfo (0.3.38) from /home/student/.rvm/gems/ruby-2.1.0/specifications/tzinfo-0.3.38.gemspec
I, [2014-03-07T18:15:10.476018 #3432]  INFO -- : 0:  activesupport (4.0.3) from /home/student/.rvm/gems/ruby-2.1.0/specifications/activesupport-4.0.3.gemspec
I, [2014-03-07T18:15:10.476432 #3432]  INFO -- : 0:  builder (3.1.4) from /home/student/.rvm/gems/ruby-2.1.0/specifications/builder-3.1.4.gemspec
I, [2014-03-07T18:15:10.476837 #3432]  INFO -- : 0:  erubis (2.7.0) from /home/student/.rvm/gems/ruby-2.1.0/specifications/erubis-2.7.0.gemspec
I, [2014-03-07T18:15:10.477064 #3432]  INFO -- : 0:  rack (1.5.2) from /home/student/.rvm/gems/ruby-2.1.0/specifications/rack-1.5.2.gemspec
I, [2014-03-07T18:15:10.477510 #3432]  INFO -- : 0:  rack-test (0.6.2) from /home/student/.rvm/gems/ruby-2.1.0/specifications/rack-test-0.6.2.gemspec
I, [2014-03-07T18:15:10.477904 #3432]  INFO -- : 0:  actionpack (4.0.3) from /home/student/.rvm/gems/ruby-2.1.0/specifications/actionpack-4.0.3.gemspec
I, [2014-03-07T18:15:10.478315 #3432]  INFO -- : 0:  mime-types (1.25.1) from /home/student/.rvm/gems/ruby-2.1.0/specifications/mime-types-1.25.1.gemspec
I, [2014-03-07T18:15:10.478709 #3432]  INFO -- : 0:  polyglot (0.3.4) from /home/student/.rvm/gems/ruby-2.1.0/specifications/polyglot-0.3.4.gemspec
I, [2014-03-07T18:15:10.479086 #3432]  INFO -- : 0:  treetop (1.4.15) from /home/student/.rvm/gems/ruby-2.1.0/specifications/treetop-1.4.15.gemspec
I, [2014-03-07T18:15:10.479476 #3432]  INFO -- : 0:  mail (2.5.4) from /home/student/.rvm/gems/ruby-2.1.0/specifications/mail-2.5.4.gemspec
I, [2014-03-07T18:15:10.479886 #3432]  INFO -- : 0:  actionmailer (4.0.3) from /home/student/.rvm/gems/ruby-2.1.0/specifications/actionmailer-4.0.3.gemspec
I, [2014-03-07T18:15:10.480387 #3432]  INFO -- : 0:  activemodel (4.0.3) from /home/student/.rvm/gems/ruby-2.1.0/specifications/activemodel-4.0.3.gemspec
I, [2014-03-07T18:15:10.481608 #3432]  INFO -- : 0:  activerecord-deprecated_finders (1.0.3) from /home/student/.rvm/gems/ruby-2.1.0/specifications/activerecord-deprecated_finders-1.0.3.gemspec
I, [2014-03-07T18:15:10.482297 #3432]  INFO -- : 0:  arel (4.0.2) from /home/student/.rvm/gems/ruby-2.1.0/specifications/arel-4.0.2.gemspec
I, [2014-03-07T18:15:10.482752 #3432]  INFO -- : 0:  activerecord (4.0.3) from /home/student/.rvm/gems/ruby-2.1.0/specifications/activerecord-4.0.3.gemspec
I, [2014-03-07T18:15:10.483130 #3432]  INFO -- : 0:  sass (3.2.14) from /home/student/.rvm/gems/ruby-2.1.0/specifications/sass-3.2.14.gemspec
I, [2014-03-07T18:15:10.483556 #3432]  INFO -- : 0:  bootstrap-sass (2.3.2.0) from /home/student/.rvm/gems/ruby-2.1.0/specifications/bootstrap-sass-2.3.2.0.gemspec
I, [2014-03-07T18:15:10.485069 #3432]  INFO -- : 0:  bundler (1.5.0) from /home/student/.rvm/gems/ruby-2.1.0@global/specifications/bundler-1.5.0.gemspec
I, [2014-03-07T18:15:10.485639 #3432]  INFO -- : 0:  coffee-script-source (1.7.0) from /home/student/.rvm/gems/ruby-2.1.0/specifications/coffee-script-source-1.7.0.gemspec
I, [2014-03-07T18:15:10.486040 #3432]  INFO -- : 0:  execjs (2.0.2) from /home/student/.rvm/gems/ruby-2.1.0/specifications/execjs-2.0.2.gemspec
I, [2014-03-07T18:15:10.486453 #3432]  INFO -- : 0:  coffee-script (2.2.0) from /home/student/.rvm/gems/ruby-2.1.0/specifications/coffee-script-2.2.0.gemspec
I, [2014-03-07T18:15:10.486853 #3432]  INFO -- : 0:  thor (0.18.1) from /home/student/.rvm/gems/ruby-2.1.0/specifications/thor-0.18.1.gemspec
I, [2014-03-07T18:15:10.487338 #3432]  INFO -- : 0:  railties (4.0.3) from /home/student/.rvm/gems/ruby-2.1.0/specifications/railties-4.0.3.gemspec
I, [2014-03-07T18:15:10.487751 #3432]  INFO -- : 0:  coffee-rails (4.0.1) from /home/student/.rvm/gems/ruby-2.1.0/specifications/coffee-rails-4.0.1.gemspec
I, [2014-03-07T18:15:10.488122 #3432]  INFO -- : 0:  hike (1.2.3) from /home/student/.rvm/gems/ruby-2.1.0/specifications/hike-1.2.3.gemspec
I, [2014-03-07T18:15:10.488534 #3432]  INFO -- : 0:  jbuilder (1.5.3) from /home/student/.rvm/gems/ruby-2.1.0/specifications/jbuilder-1.5.3.gemspec
I, [2014-03-07T18:15:10.488881 #3432]  INFO -- : 0:  jquery-rails (3.1.0) from /home/student/.rvm/gems/ruby-2.1.0/specifications/jquery-rails-3.1.0.gemspec
I, [2014-03-07T18:15:11.669953 #3432]  INFO -- : 0:  json (1.8.1) from /home/student/.rvm/gems/ruby-2.1.0/specifications/json-1.8.1.gemspec
I, [2014-03-07T18:15:11.670711 #3432]  INFO -- : 0:  pg (0.17.1) from /home/student/.rvm/gems/ruby-2.1.0/specifications/pg-0.17.1.gemspec
I, [2014-03-07T18:15:11.671210 #3432]  INFO -- : 0:  posix-spawn (0.3.8) from /home/student/.rvm/gems/ruby-2.1.0/specifications/posix-spawn-0.3.8.gemspec
I, [2014-03-07T18:15:11.671639 #3432]  INFO -- : 0:  yajl-ruby (1.1.0) from /home/student/.rvm/gems/ruby-2.1.0/specifications/yajl-ruby-1.1.0.gemspec
I, [2014-03-07T18:15:11.672115 #3432]  INFO -- : 0:  pygments.rb (0.5.4) from /home/student/.rvm/gems/ruby-2.1.0/specifications/pygments.rb-0.5.4.gemspec
I, [2014-03-07T18:15:11.672546 #3432]  INFO -- : 0:  quiet_assets (1.0.2) from /home/student/.rvm/gems/ruby-2.1.0/specifications/quiet_assets-1.0.2.gemspec
I, [2014-03-07T18:15:11.673031 #3432]  INFO -- : 0:  tilt (1.4.1) from /home/student/.rvm/gems/ruby-2.1.0/specifications/tilt-1.4.1.gemspec
I, [2014-03-07T18:15:11.673470 #3432]  INFO -- : 0:  sprockets (2.11.0) from /home/student/.rvm/gems/ruby-2.1.0/specifications/sprockets-2.11.0.gemspec
I, [2014-03-07T18:15:11.673873 #3432]  INFO -- : 0:  sprockets-rails (2.0.1) from /home/student/.rvm/gems/ruby-2.1.0/specifications/sprockets-rails-2.0.1.gemspec
I, [2014-03-07T18:15:11.674336 #3432]  INFO -- : 0:  rails (4.0.3) from /home/student/.rvm/gems/ruby-2.1.0/specifications/rails-4.0.3.gemspec
I, [2014-03-07T18:15:11.674754 #3432]  INFO -- : 0:  rails_serve_static_assets (0.0.2) from /home/student/.rvm/gems/ruby-2.1.0/specifications/rails_serve_static_assets-0.0.2.gemspec
I, [2014-03-07T18:15:11.675204 #3432]  INFO -- : 0:  rails_stdout_logging (0.0.3) from /home/student/.rvm/gems/ruby-2.1.0/specifications/rails_stdout_logging-0.0.3.gemspec
I, [2014-03-07T18:15:11.675578 #3432]  INFO -- : 0:  rails_12factor (0.0.2) from /home/student/.rvm/gems/ruby-2.1.0/specifications/rails_12factor-0.0.2.gemspec
I, [2014-03-07T18:15:11.676022 #3432]  INFO -- : 0:  rdoc (4.1.1) from /home/student/.rvm/gems/ruby-2.1.0/specifications/rdoc-4.1.1.gemspec
I, [2014-03-07T18:15:11.676417 #3432]  INFO -- : 0:  redcarpet (3.1.1) from /home/student/.rvm/gems/ruby-2.1.0/specifications/redcarpet-3.1.1.gemspec
I, [2014-03-07T18:15:11.676706 #3432]  INFO -- : 0:  sass-rails (4.0.1) from /home/student/.rvm/gems/ruby-2.1.0/specifications/sass-rails-4.0.1.gemspec
I, [2014-03-07T18:15:11.677145 #3432]  INFO -- : 0:  sdoc (0.4.0) from /home/student/.rvm/gems/ruby-2.1.0/specifications/sdoc-0.4.0.gemspec
I, [2014-03-07T18:15:11.677644 #3432]  INFO -- : 0:  sqlite3 (1.3.9) from /home/student/.rvm/gems/ruby-2.1.0/specifications/sqlite3-1.3.9.gemspec
I, [2014-03-07T18:15:11.678068 #3432]  INFO -- : 0:  turbolinks (2.2.1) from /home/student/.rvm/gems/ruby-2.1.0/specifications/turbolinks-2.2.1.gemspec
I, [2014-03-07T18:15:11.678664 #3432]  INFO -- : 0:  uglifier (2.4.0) from /home/student/.rvm/gems/ruby-2.1.0/specifications/uglifier-2.4.0.gemspec
I, [2014-03-07T18:30:41.774420 #4311]  INFO -- : 0:  rake (10.1.1) from /home/student/.rvm/gems/ruby-2.1.0/specifications/rake-10.1.1.gemspec
I, [2014-03-07T18:30:41.774965 #4311]  INFO -- : 0:  i18n (0.6.9) from /home/student/.rvm/gems/ruby-2.1.0/specifications/i18n-0.6.9.gemspec
I, [2014-03-07T18:30:41.829725 #4311]  INFO -- : 0:  minitest (4.7.5) from /home/student/.rvm/gems/ruby-2.1.0/specifications/minitest-4.7.5.gemspec
I, [2014-03-07T18:30:41.830316 #4311]  INFO -- : 0:  multi_json (1.9.0) from /home/student/.rvm/gems/ruby-2.1.0/specifications/multi_json-1.9.0.gemspec
I, [2014-03-07T18:30:41.830797 #4311]  INFO -- : 0:  atomic (1.1.15) from /home/student/.rvm/gems/ruby-2.1.0/specifications/atomic-1.1.15.gemspec
I, [2014-03-07T18:30:41.831316 #4311]  INFO -- : 0:  thread_safe (0.2.0) from /home/student/.rvm/gems/ruby-2.1.0/specifications/thread_safe-0.2.0.gemspec
I, [2014-03-07T18:30:41.831746 #4311]  INFO -- : 0:  tzinfo (0.3.38) from /home/student/.rvm/gems/ruby-2.1.0/specifications/tzinfo-0.3.38.gemspec
I, [2014-03-07T18:30:41.832192 #4311]  INFO -- : 0:  activesupport (4.0.3) from /home/student/.rvm/gems/ruby-2.1.0/specifications/activesupport-4.0.3.gemspec
I, [2014-03-07T18:30:41.832598 #4311]  INFO -- : 0:  builder (3.1.4) from /home/student/.rvm/gems/ruby-2.1.0/specifications/builder-3.1.4.gemspec
I, [2014-03-07T18:30:41.833006 #4311]  INFO -- : 0:  erubis (2.7.0) from /home/student/.rvm/gems/ruby-2.1.0/specifications/erubis-2.7.0.gemspec
I, [2014-03-07T18:30:41.833262 #4311]  INFO -- : 0:  rack (1.5.2) from /home/student/.rvm/gems/ruby-2.1.0/specifications/rack-1.5.2.gemspec
I, [2014-03-07T18:30:41.833717 #4311]  INFO -- : 0:  rack-test (0.6.2) from /home/student/.rvm/gems/ruby-2.1.0/specifications/rack-test-0.6.2.gemspec
I, [2014-03-07T18:30:41.834145 #4311]  INFO -- : 0:  actionpack (4.0.3) from /home/student/.rvm/gems/ruby-2.1.0/specifications/actionpack-4.0.3.gemspec
I, [2014-03-07T18:30:41.836412 #4311]  INFO -- : 0:  mime-types (1.25.1) from /home/student/.rvm/gems/ruby-2.1.0/specifications/mime-types-1.25.1.gemspec
I, [2014-03-07T18:30:41.837667 #4311]  INFO -- : 0:  polyglot (0.3.4) from /home/student/.rvm/gems/ruby-2.1.0/specifications/polyglot-0.3.4.gemspec
I, [2014-03-07T18:30:41.838117 #4311]  INFO -- : 0:  treetop (1.4.15) from /home/student/.rvm/gems/ruby-2.1.0/specifications/treetop-1.4.15.gemspec
I, [2014-03-07T18:30:41.838614 #4311]  INFO -- : 0:  mail (2.5.4) from /home/student/.rvm/gems/ruby-2.1.0/specifications/mail-2.5.4.gemspec
I, [2014-03-07T18:30:41.839042 #4311]  INFO -- : 0:  actionmailer (4.0.3) from /home/student/.rvm/gems/ruby-2.1.0/specifications/actionmailer-4.0.3.gemspec
I, [2014-03-07T18:30:41.839397 #4311]  INFO -- : 0:  activemodel (4.0.3) from /home/student/.rvm/gems/ruby-2.1.0/specifications/activemodel-4.0.3.gemspec
I, [2014-03-07T18:30:41.840112 #4311]  INFO -- : 0:  activerecord-deprecated_finders (1.0.3) from /home/student/.rvm/gems/ruby-2.1.0/specifications/activerecord-deprecated_finders-1.0.3.gemspec
I, [2014-03-07T18:30:41.840520 #4311]  INFO -- : 0:  arel (4.0.2) from /home/student/.rvm/gems/ruby-2.1.0/specifications/arel-4.0.2.gemspec
I, [2014-03-07T18:30:41.840866 #4311]  INFO -- : 0:  activerecord (4.0.3) from /home/student/.rvm/gems/ruby-2.1.0/specifications/activerecord-4.0.3.gemspec
I, [2014-03-07T18:30:41.841248 #4311]  INFO -- : 0:  sass (3.2.14) from /home/student/.rvm/gems/ruby-2.1.0/specifications/sass-3.2.14.gemspec
I, [2014-03-07T18:30:41.841608 #4311]  INFO -- : 0:  bootstrap-sass (2.3.2.0) from /home/student/.rvm/gems/ruby-2.1.0/specifications/bootstrap-sass-2.3.2.0.gemspec
I, [2014-03-07T18:30:41.841994 #4311]  INFO -- : 0:  coffee-script-source (1.7.0) from /home/student/.rvm/gems/ruby-2.1.0/specifications/coffee-script-source-1.7.0.gemspec
I, [2014-03-07T18:30:41.842353 #4311]  INFO -- : 0:  execjs (2.0.2) from /home/student/.rvm/gems/ruby-2.1.0/specifications/execjs-2.0.2.gemspec
I, [2014-03-07T18:30:41.842782 #4311]  INFO -- : 0:  coffee-script (2.2.0) from /home/student/.rvm/gems/ruby-2.1.0/specifications/coffee-script-2.2.0.gemspec
I, [2014-03-07T18:30:41.843107 #4311]  INFO -- : 0:  thor (0.18.1) from /home/student/.rvm/gems/ruby-2.1.0/specifications/thor-0.18.1.gemspec
I, [2014-03-07T18:30:41.843494 #4311]  INFO -- : 0:  railties (4.0.3) from /home/student/.rvm/gems/ruby-2.1.0/specifications/railties-4.0.3.gemspec
I, [2014-03-07T18:30:41.843876 #4311]  INFO -- : 0:  coffee-rails (4.0.1) from /home/student/.rvm/gems/ruby-2.1.0/specifications/coffee-rails-4.0.1.gemspec
I, [2014-03-07T18:30:41.844253 #4311]  INFO -- : 0:  hike (1.2.3) from /home/student/.rvm/gems/ruby-2.1.0/specifications/hike-1.2.3.gemspec
I, [2014-03-07T18:30:41.845055 #4311]  INFO -- : 0:  jbuilder (1.5.3) from /home/student/.rvm/gems/ruby-2.1.0/specifications/jbuilder-1.5.3.gemspec
I, [2014-03-07T18:30:41.845767 #4311]  INFO -- : 0:  jquery-rails (3.1.0) from /home/student/.rvm/gems/ruby-2.1.0/specifications/jquery-rails-3.1.0.gemspec
E, [2014-03-07T18:30:42.848890 #4311] ERROR -- : SystemExit: exit
/home/student/.rvm/gems/ruby-2.1.0@global/gems/bundler-1.5.0/bin/bundle:4:in `exit'  \n/home/student/.rvm/gems/ruby-2.1.0@global/gems/bundler-1.5.0/bin/bundle:4:in `block in <top (required)>'  \n/home/student/.rvm/rubies/ruby-2.1.0/lib/ruby/site_ruby/2.1.0/rubygems/ext/builder.rb:73:in `call'  \n/home/student/.rvm/rubies/ruby-2.1.0/lib/ruby/site_ruby/2.1.0/rubygems/ext/builder.rb:73:in ``'  \n/home/student/.rvm/rubies/ruby-2.1.0/lib/ruby/site_ruby/2.1.0/rubygems/ext/builder.rb:73:in `run'  \n/home/student/.rvm/rubies/ruby-2.1.0/lib/ruby/site_ruby/2.1.0/rubygems/ext/builder.rb:51:in `block in make'  \n/home/student/.rvm/rubies/ruby-2.1.0/lib/ruby/site_ruby/2.1.0/rubygems/ext/builder.rb:43:in `each'  \n/home/student/.rvm/rubies/ruby-2.1.0/lib/ruby/site_ruby/2.1.0/rubygems/ext/builder.rb:43:in `make'  \n/home/student/.rvm/rubies/ruby-2.1.0/lib/ruby/site_ruby/2.1.0/rubygems/ext/ext_conf_builder.rb:47:in `block in build'  \n/home/student/.rvm/rubies/ruby-2.1.0/lib/ruby/2.1.0/tempfile.rb:324:in `open'  \n/home/student/.rvm/rubies/ruby-2.1.0/lib/ruby/site_ruby/2.1.0/rubygems/ext/ext_conf_builder.rb:17:in `build'  \n/home/student/.rvm/rubies/ruby-2.1.0/lib/ruby/site_ruby/2.1.0/rubygems/ext/builder.rb:161:in `block (2 levels) in build_extension'  \n/home/student/.rvm/rubies/ruby-2.1.0/lib/ruby/site_ruby/2.1.0/rubygems/ext/builder.rb:160:in `chdir'  \n/home/student/.rvm/rubies/ruby-2.1.0/lib/ruby/site_ruby/2.1.0/rubygems/ext/builder.rb:160:in `block in build_extension'  \n/home/student/.rvm/rubies/ruby-2.1.0/lib/ruby/site_ruby/2.1.0/rubygems/ext/builder.rb:159:in `synchronize'  \n/home/student/.rvm/rubies/ruby-2.1.0/lib/ruby/site_ruby/2.1.0/rubygems/ext/builder.rb:159:in `build_extension'  \n/home/student/.rvm/rubies/ruby-2.1.0/lib/ruby/site_ruby/2.1.0/rubygems/ext/builder.rb:198:in `block in build_extensions'  \n/home/student/.rvm/rubies/ruby-2.1.0/lib/ruby/site_ruby/2.1.0/rubygems/ext/builder.rb:195:in `each'  \n/home/student/.rvm/rubies/ruby-2.1.0/lib/ruby/site_ruby/2.1.0/rubygems/ext/builder.rb:195:in `build_extensions'  \n/home/student/.rvm/rubies/ruby-2.1.0/lib/ruby/site_ruby/2.1.0/rubygems/installer.rb:677:in `build_extensions'  \n/home/student/.rvm/rubies/ruby-2.1.0/lib/ruby/site_ruby/2.1.0/rubygems/installer.rb:232:in `install'  \n/home/student/.rvm/gems/ruby-2.1.0@global/gems/bundler-1.5.0/lib/bundler/source/rubygems.rb:101:in `block in install'  \n/home/student/.rvm/gems/ruby-2.1.0@global/gems/bundler-1.5.0/lib/bundler/rubygems_integration.rb:118:in `preserve_paths'  \n/home/student/.rvm/gems/ruby-2.1.0@global/gems/bundler-1.5.0/lib/bundler/source/rubygems.rb:94:in `install'  \n/home/student/.rvm/gems/ruby-2.1.0@global/gems/bundler-1.5.0/lib/bundler/installer.rb:111:in `block in install_gem_from_spec'  \n/home/student/.rvm/gems/ruby-2.1.0@global/gems/bundler-1.5.0/lib/bundler/rubygems_integration.rb:150:in `with_build_args'  \n/home/student/.rvm/gems/ruby-2.1.0@global/gems/bundler-1.5.0/lib/bundler/installer.rb:110:in `install_gem_from_spec'  \n/home/student/.rvm/gems/ruby-2.1.0@global/gems/bundler-1.5.0/lib/bundler/installer.rb:295:in `block in install_sequentially'  \n/home/student/.rvm/rubies/ruby-2.1.0/lib/ruby/2.1.0/forwardable.rb:183:in `each'  \n/home/student/.rvm/rubies/ruby-2.1.0/lib/ruby/2.1.0/forwardable.rb:183:in `each'  \n/home/student/.rvm/gems/ruby-2.1.0@global/gems/bundler-1.5.0/lib/bundler/installer.rb:294:in `install_sequentially'  \n/home/student/.rvm/gems/ruby-2.1.0@global/gems/bundler-1.5.0/lib/bundler/installer.rb:97:in `run'  \n/home/student/.rvm/gems/ruby-2.1.0@global/gems/bundler-1.5.0/lib/bundler/installer.rb:15:in `install'  \n/home/student/.rvm/gems/ruby-2.1.0@global/gems/bundler-1.5.0/lib/bundler/cli.rb:257:in `install'  \n/home/student/.rvm/gems/ruby-2.1.0@global/gems/bundler-1.5.0/lib/bundler/vendor/thor/command.rb:27:in `run'  \n/home/student/.rvm/gems/ruby-2.1.0@global/gems/bundler-1.5.0/lib/bundler/vendor/thor/invocation.rb:120:in `invoke_command'  \n/home/student/.rvm/gems/ruby-2.1.0@global/gems/bundler-1.5.0/lib/bundler/vendor/thor.rb:363:in `dispatch'  \n/home/student/.rvm/gems/ruby-2.1.0@global/gems/bundler-1.5.0/lib/bundler/vendor/thor/base.rb:438:in `start'  \n/home/student/.rvm/gems/ruby-2.1.0@global/gems/bundler-1.5.0/lib/bundler/cli.rb:10:in `start'  \n/home/student/.rvm/gems/ruby-2.1.0@global/gems/bundler-1.5.0/bin/bundle:22:in `block in <top (required)>'  \n/home/student/.rvm/gems/ruby-2.1.0@global/gems/bundler-1.5.0/lib/bundler/friendly_errors.rb:5:in `with_friendly_errors'  \n/home/student/.rvm/gems/ruby-2.1.0@global/gems/bundler-1.5.0/bin/bundle:22:in `<top (required)>'  \n/home/student/.rvm/gems/ruby-2.1.0@global/bin/bundle:23:in `load'  \n/home/student/.rvm/gems/ruby-2.1.0@global/bin/bundle:23:in `<main>'  \n/home/student/.rvm/gems/ruby-2.1.0/bin/ruby_executable_hooks:15:in `eval'  \n/home/student/.rvm/gems/ruby-2.1.0/bin/ruby_executable_hooks:15:in `<main>'
I, [2014-03-07T18:30:53.317987 #4354]  INFO -- : 0:  rake (10.1.1) from /home/student/.rvm/gems/ruby-2.1.0/specifications/rake-10.1.1.gemspec
I, [2014-03-07T18:30:53.318645 #4354]  INFO -- : 0:  i18n (0.6.9) from /home/student/.rvm/gems/ruby-2.1.0/specifications/i18n-0.6.9.gemspec
I, [2014-03-07T18:30:53.350881 #4354]  INFO -- : 0:  minitest (4.7.5) from /home/student/.rvm/gems/ruby-2.1.0/specifications/minitest-4.7.5.gemspec
I, [2014-03-07T18:30:53.351464 #4354]  INFO -- : 0:  multi_json (1.9.0) from /home/student/.rvm/gems/ruby-2.1.0/specifications/multi_json-1.9.0.gemspec
I, [2014-03-07T18:30:53.351845 #4354]  INFO -- : 0:  atomic (1.1.15) from /home/student/.rvm/gems/ruby-2.1.0/specifications/atomic-1.1.15.gemspec
I, [2014-03-07T18:30:53.352265 #4354]  INFO -- : 0:  thread_safe (0.2.0) from /home/student/.rvm/gems/ruby-2.1.0/specifications/thread_safe-0.2.0.gemspec
I, [2014-03-07T18:30:53.352673 #4354]  INFO -- : 0:  tzinfo (0.3.38) from /home/student/.rvm/gems/ruby-2.1.0/specifications/tzinfo-0.3.38.gemspec
I, [2014-03-07T18:30:53.353019 #4354]  INFO -- : 0:  activesupport (4.0.3) from /home/student/.rvm/gems/ruby-2.1.0/specifications/activesupport-4.0.3.gemspec
I, [2014-03-07T18:30:53.353386 #4354]  INFO -- : 0:  builder (3.1.4) from /home/student/.rvm/gems/ruby-2.1.0/specifications/builder-3.1.4.gemspec
I, [2014-03-07T18:30:53.353766 #4354]  INFO -- : 0:  erubis (2.7.0) from /home/student/.rvm/gems/ruby-2.1.0/specifications/erubis-2.7.0.gemspec
I, [2014-03-07T18:30:53.354137 #4354]  INFO -- : 0:  rack (1.5.2) from /home/student/.rvm/gems/ruby-2.1.0/specifications/rack-1.5.2.gemspec
I, [2014-03-07T18:30:53.354528 #4354]  INFO -- : 0:  rack-test (0.6.2) from /home/student/.rvm/gems/ruby-2.1.0/specifications/rack-test-0.6.2.gemspec
I, [2014-03-07T18:30:53.354909 #4354]  INFO -- : 0:  actionpack (4.0.3) from /home/student/.rvm/gems/ruby-2.1.0/specifications/actionpack-4.0.3.gemspec
I, [2014-03-07T18:30:53.355315 #4354]  INFO -- : 0:  mime-types (1.25.1) from /home/student/.rvm/gems/ruby-2.1.0/specifications/mime-types-1.25.1.gemspec
I, [2014-03-07T18:30:53.355699 #4354]  INFO -- : 0:  polyglot (0.3.4) from /home/student/.rvm/gems/ruby-2.1.0/specifications/polyglot-0.3.4.gemspec
I, [2014-03-07T18:30:53.356036 #4354]  INFO -- : 0:  treetop (1.4.15) from /home/student/.rvm/gems/ruby-2.1.0/specifications/treetop-1.4.15.gemspec
I, [2014-03-07T18:30:53.356433 #4354]  INFO -- : 0:  mail (2.5.4) from /home/student/.rvm/gems/ruby-2.1.0/specifications/mail-2.5.4.gemspec
I, [2014-03-07T18:30:53.356752 #4354]  INFO -- : 0:  actionmailer (4.0.3) from /home/student/.rvm/gems/ruby-2.1.0/specifications/actionmailer-4.0.3.gemspec
I, [2014-03-07T18:30:53.357175 #4354]  INFO -- : 0:  activemodel (4.0.3) from /home/student/.rvm/gems/ruby-2.1.0/specifications/activemodel-4.0.3.gemspec
I, [2014-03-07T18:30:53.357681 #4354]  INFO -- : 0:  activerecord-deprecated_finders (1.0.3) from /home/student/.rvm/gems/ruby-2.1.0/specifications/activerecord-deprecated_finders-1.0.3.gemspec
I, [2014-03-07T18:30:53.358052 #4354]  INFO -- : 0:  arel (4.0.2) from /home/student/.rvm/gems/ruby-2.1.0/specifications/arel-4.0.2.gemspec
I, [2014-03-07T18:30:53.358419 #4354]  INFO -- : 0:  activerecord (4.0.3) from /home/student/.rvm/gems/ruby-2.1.0/specifications/activerecord-4.0.3.gemspec
I, [2014-03-07T18:30:53.358813 #4354]  INFO -- : 0:  sass (3.2.14) from /home/student/.rvm/gems/ruby-2.1.0/specifications/sass-3.2.14.gemspec
I, [2014-03-07T18:30:53.359207 #4354]  INFO -- : 0:  bootstrap-sass (2.3.2.0) from /home/student/.rvm/gems/ruby-2.1.0/specifications/bootstrap-sass-2.3.2.0.gemspec
I, [2014-03-07T18:30:53.359534 #4354]  INFO -- : 0:  coffee-script-source (1.7.0) from /home/student/.rvm/gems/ruby-2.1.0/specifications/coffee-script-source-1.7.0.gemspec
I, [2014-03-07T18:30:53.359897 #4354]  INFO -- : 0:  execjs (2.0.2) from /home/student/.rvm/gems/ruby-2.1.0/specifications/execjs-2.0.2.gemspec
I, [2014-03-07T18:30:53.360438 #4354]  INFO -- : 0:  coffee-script (2.2.0) from /home/student/.rvm/gems/ruby-2.1.0/specifications/coffee-script-2.2.0.gemspec
I, [2014-03-07T18:30:53.361954 #4354]  INFO -- : 0:  thor (0.18.1) from /home/student/.rvm/gems/ruby-2.1.0/specifications/thor-0.18.1.gemspec
I, [2014-03-07T18:30:53.362404 #4354]  INFO -- : 0:  railties (4.0.3) from /home/student/.rvm/gems/ruby-2.1.0/specifications/railties-4.0.3.gemspec
I, [2014-03-07T18:30:53.362755 #4354]  INFO -- : 0:  coffee-rails (4.0.1) from /home/student/.rvm/gems/ruby-2.1.0/specifications/coffee-rails-4.0.1.gemspec
I, [2014-03-07T18:30:53.362888 #4354]  INFO -- : 0:  hike (1.2.3) from /home/student/.rvm/gems/ruby-2.1.0/specifications/hike-1.2.3.gemspec
I, [2014-03-07T18:30:53.363238 #4354]  INFO -- : 0:  jbuilder (1.5.3) from /home/student/.rvm/gems/ruby-2.1.0/specifications/jbuilder-1.5.3.gemspec
I, [2014-03-07T18:30:53.363632 #4354]  INFO -- : 0:  jquery-rails (3.1.0) from /home/student/.rvm/gems/ruby-2.1.0/specifications/jquery-rails-3.1.0.gemspec
I, [2014-03-07T18:30:54.646051 #4354]  INFO -- : 0:  json (1.8.1) from /home/student/.rvm/gems/ruby-2.1.0/specifications/json-1.8.1.gemspec
I, [2014-03-07T18:30:54.646936 #4354]  INFO -- : 0:  posix-spawn (0.3.8) from /home/student/.rvm/gems/ruby-2.1.0/specifications/posix-spawn-0.3.8.gemspec
I, [2014-03-07T18:30:54.647534 #4354]  INFO -- : 0:  yajl-ruby (1.1.0) from /home/student/.rvm/gems/ruby-2.1.0/specifications/yajl-ruby-1.1.0.gemspec
I, [2014-03-07T18:30:54.648137 #4354]  INFO -- : 0:  pygments.rb (0.5.4) from /home/student/.rvm/gems/ruby-2.1.0/specifications/pygments.rb-0.5.4.gemspec
I, [2014-03-07T18:30:54.648692 #4354]  INFO -- : 0:  quiet_assets (1.0.2) from /home/student/.rvm/gems/ruby-2.1.0/specifications/quiet_assets-1.0.2.gemspec
I, [2014-03-07T18:30:54.649095 #4354]  INFO -- : 0:  bundler (1.5.0) from /home/student/.rvm/gems/ruby-2.1.0@global/specifications/bundler-1.5.0.gemspec
I, [2014-03-07T18:30:54.649560 #4354]  INFO -- : 0:  tilt (1.4.1) from /home/student/.rvm/gems/ruby-2.1.0/specifications/tilt-1.4.1.gemspec
I, [2014-03-07T18:30:54.649952 #4354]  INFO -- : 0:  sprockets (2.11.0) from /home/student/.rvm/gems/ruby-2.1.0/specifications/sprockets-2.11.0.gemspec
I, [2014-03-07T18:30:54.650412 #4354]  INFO -- : 0:  sprockets-rails (2.0.1) from /home/student/.rvm/gems/ruby-2.1.0/specifications/sprockets-rails-2.0.1.gemspec
I, [2014-03-07T18:30:54.650788 #4354]  INFO -- : 0:  rails (4.0.3) from /home/student/.rvm/gems/ruby-2.1.0/specifications/rails-4.0.3.gemspec
I, [2014-03-07T18:30:54.651221 #4354]  INFO -- : 0:  rdoc (4.1.1) from /home/student/.rvm/gems/ruby-2.1.0/specifications/rdoc-4.1.1.gemspec
I, [2014-03-07T18:30:54.651676 #4354]  INFO -- : 0:  redcarpet (3.1.1) from /home/student/.rvm/gems/ruby-2.1.0/specifications/redcarpet-3.1.1.gemspec
I, [2014-03-07T18:30:54.652091 #4354]  INFO -- : 0:  sass-rails (4.0.1) from /home/student/.rvm/gems/ruby-2.1.0/specifications/sass-rails-4.0.1.gemspec
I, [2014-03-07T18:30:54.652462 #4354]  INFO -- : 0:  sdoc (0.4.0) from /home/student/.rvm/gems/ruby-2.1.0/specifications/sdoc-0.4.0.gemspec
I, [2014-03-07T18:30:54.652728 #4354]  INFO -- : 0:  sqlite3 (1.3.9) from /home/student/.rvm/gems/ruby-2.1.0/specifications/sqlite3-1.3.9.gemspec
I, [2014-03-07T18:30:54.653190 #4354]  INFO -- : 0:  turbolinks (2.2.1) from /home/student/.rvm/gems/ruby-2.1.0/specifications/turbolinks-2.2.1.gemspec
I, [2014-03-07T18:30:54.653645 #4354]  INFO -- : 0:  uglifier (2.4.0) from /home/student/.rvm/gems/ruby-2.1.0/specifications/uglifier-2.4.0.gemspec
I, [2014-03-27T22:00:30.815076 #4788]  INFO -- : 0:  rake (10.1.1) from /home/student/.rvm/gems/ruby-2.1.0/specifications/rake-10.1.1.gemspec
I, [2014-03-27T22:00:30.842371 #4788]  INFO -- : 0:  i18n (0.6.9) from /home/student/.rvm/gems/ruby-2.1.0/specifications/i18n-0.6.9.gemspec
I, [2014-03-27T22:00:30.962755 #4788]  INFO -- : 0:  minitest (4.7.5) from /home/student/.rvm/gems/ruby-2.1.0/specifications/minitest-4.7.5.gemspec
I, [2014-03-27T22:00:30.963508 #4788]  INFO -- : 0:  multi_json (1.9.0) from /home/student/.rvm/gems/ruby-2.1.0/specifications/multi_json-1.9.0.gemspec
I, [2014-03-27T22:00:30.963945 #4788]  INFO -- : 0:  atomic (1.1.15) from /home/student/.rvm/gems/ruby-2.1.0/specifications/atomic-1.1.15.gemspec
I, [2014-03-27T22:00:30.964397 #4788]  INFO -- : 0:  thread_safe (0.2.0) from /home/student/.rvm/gems/ruby-2.1.0/specifications/thread_safe-0.2.0.gemspec
I, [2014-03-27T22:00:30.964790 #4788]  INFO -- : 0:  tzinfo (0.3.38) from /home/student/.rvm/gems/ruby-2.1.0/specifications/tzinfo-0.3.38.gemspec
I, [2014-03-27T22:00:30.965231 #4788]  INFO -- : 0:  activesupport (4.0.3) from /home/student/.rvm/gems/ruby-2.1.0/specifications/activesupport-4.0.3.gemspec
I, [2014-03-27T22:00:30.965667 #4788]  INFO -- : 0:  builder (3.1.4) from /home/student/.rvm/gems/ruby-2.1.0/specifications/builder-3.1.4.gemspec
I, [2014-03-27T22:00:30.966121 #4788]  INFO -- : 0:  erubis (2.7.0) from /home/student/.rvm/gems/ruby-2.1.0/specifications/erubis-2.7.0.gemspec
I, [2014-03-27T22:00:30.966564 #4788]  INFO -- : 0:  rack (1.5.2) from /home/student/.rvm/gems/ruby-2.1.0/specifications/rack-1.5.2.gemspec
I, [2014-03-27T22:00:30.966978 #4788]  INFO -- : 0:  rack-test (0.6.2) from /home/student/.rvm/gems/ruby-2.1.0/specifications/rack-test-0.6.2.gemspec
I, [2014-03-27T22:00:30.967376 #4788]  INFO -- : 0:  actionpack (4.0.3) from /home/student/.rvm/gems/ruby-2.1.0/specifications/actionpack-4.0.3.gemspec
I, [2014-03-27T22:00:30.967810 #4788]  INFO -- : 0:  mime-types (1.25.1) from /home/student/.rvm/gems/ruby-2.1.0/specifications/mime-types-1.25.1.gemspec
I, [2014-03-27T22:00:30.968201 #4788]  INFO -- : 0:  polyglot (0.3.4) from /home/student/.rvm/gems/ruby-2.1.0/specifications/polyglot-0.3.4.gemspec
I, [2014-03-27T22:00:30.968623 #4788]  INFO -- : 0:  treetop (1.4.15) from /home/student/.rvm/gems/ruby-2.1.0/specifications/treetop-1.4.15.gemspec
I, [2014-03-27T22:00:30.969055 #4788]  INFO -- : 0:  mail (2.5.4) from /home/student/.rvm/gems/ruby-2.1.0/specifications/mail-2.5.4.gemspec
I, [2014-03-27T22:00:30.969597 #4788]  INFO -- : 0:  actionmailer (4.0.3) from /home/student/.rvm/gems/ruby-2.1.0/specifications/actionmailer-4.0.3.gemspec
I, [2014-03-27T22:00:30.970091 #4788]  INFO -- : 0:  activemodel (4.0.3) from /home/student/.rvm/gems/ruby-2.1.0/specifications/activemodel-4.0.3.gemspec
I, [2014-03-27T22:00:30.970530 #4788]  INFO -- : 0:  activerecord-deprecated_finders (1.0.3) from /home/student/.rvm/gems/ruby-2.1.0/specifications/activerecord-deprecated_finders-1.0.3.gemspec
I, [2014-03-27T22:00:30.970980 #4788]  INFO -- : 0:  arel (4.0.2) from /home/student/.rvm/gems/ruby-2.1.0/specifications/arel-4.0.2.gemspec
I, [2014-03-27T22:00:30.971414 #4788]  INFO -- : 0:  activerecord (4.0.3) from /home/student/.rvm/gems/ruby-2.1.0/specifications/activerecord-4.0.3.gemspec
I, [2014-03-27T22:00:30.971850 #4788]  INFO -- : 0:  sass (3.2.14) from /home/student/.rvm/gems/ruby-2.1.0/specifications/sass-3.2.14.gemspec
I, [2014-03-27T22:00:30.972260 #4788]  INFO -- : 0:  bootstrap-sass (2.3.2.0) from /home/student/.rvm/gems/ruby-2.1.0/specifications/bootstrap-sass-2.3.2.0.gemspec
I, [2014-03-27T22:00:30.972659 #4788]  INFO -- : 0:  bundler (1.5.0) from /home/student/.rvm/gems/ruby-2.1.0@global/specifications/bundler-1.5.0.gemspec
I, [2014-03-27T22:00:30.974562 #4788]  INFO -- : 0:  coffee-script-source (1.7.0) from /home/student/.rvm/gems/ruby-2.1.0/specifications/coffee-script-source-1.7.0.gemspec
I, [2014-03-27T22:00:30.975130 #4788]  INFO -- : 0:  execjs (2.0.2) from /home/student/.rvm/gems/ruby-2.1.0/specifications/execjs-2.0.2.gemspec
I, [2014-03-27T22:00:30.975670 #4788]  INFO -- : 0:  coffee-script (2.2.0) from /home/student/.rvm/gems/ruby-2.1.0/specifications/coffee-script-2.2.0.gemspec
I, [2014-03-27T22:00:30.976079 #4788]  INFO -- : 0:  thor (0.18.1) from /home/student/.rvm/gems/ruby-2.1.0/specifications/thor-0.18.1.gemspec
I, [2014-03-27T22:00:30.976480 #4788]  INFO -- : 0:  railties (4.0.3) from /home/student/.rvm/gems/ruby-2.1.0/specifications/railties-4.0.3.gemspec
I, [2014-03-27T22:00:30.976921 #4788]  INFO -- : 0:  coffee-rails (4.0.1) from /home/student/.rvm/gems/ruby-2.1.0/specifications/coffee-rails-4.0.1.gemspec
I, [2014-03-27T22:00:30.977282 #4788]  INFO -- : 0:  hike (1.2.3) from /home/student/.rvm/gems/ruby-2.1.0/specifications/hike-1.2.3.gemspec
I, [2014-03-27T22:00:30.977705 #4788]  INFO -- : 0:  jbuilder (1.5.3) from /home/student/.rvm/gems/ruby-2.1.0/specifications/jbuilder-1.5.3.gemspec
I, [2014-03-27T22:00:30.978730 #4788]  INFO -- : 0:  jquery-rails (3.1.0) from /home/student/.rvm/gems/ruby-2.1.0/specifications/jquery-rails-3.1.0.gemspec
I, [2014-03-27T22:00:33.745703 #4788]  INFO -- : 0:  json (1.8.1) from /home/student/.rvm/gems/ruby-2.1.0/specifications/json-1.8.1.gemspec
I, [2014-03-27T22:00:33.747378 #4788]  INFO -- : 0:  posix-spawn (0.3.8) from /home/student/.rvm/gems/ruby-2.1.0/specifications/posix-spawn-0.3.8.gemspec
I, [2014-03-27T22:00:33.747897 #4788]  INFO -- : 0:  yajl-ruby (1.1.0) from /home/student/.rvm/gems/ruby-2.1.0/specifications/yajl-ruby-1.1.0.gemspec
I, [2014-03-27T22:00:33.748382 #4788]  INFO -- : 0:  pygments.rb (0.5.4) from /home/student/.rvm/gems/ruby-2.1.0/specifications/pygments.rb-0.5.4.gemspec
I, [2014-03-27T22:00:33.748827 #4788]  INFO -- : 0:  quiet_assets (1.0.2) from /home/student/.rvm/gems/ruby-2.1.0/specifications/quiet_assets-1.0.2.gemspec
I, [2014-03-27T22:00:33.749251 #4788]  INFO -- : 0:  tilt (1.4.1) from /home/student/.rvm/gems/ruby-2.1.0/specifications/tilt-1.4.1.gemspec
I, [2014-03-27T22:00:33.749707 #4788]  INFO -- : 0:  sprockets (2.11.0) from /home/student/.rvm/gems/ruby-2.1.0/specifications/sprockets-2.11.0.gemspec
I, [2014-03-27T22:00:33.750089 #4788]  INFO -- : 0:  sprockets-rails (2.0.1) from /home/student/.rvm/gems/ruby-2.1.0/specifications/sprockets-rails-2.0.1.gemspec
I, [2014-03-27T22:00:33.750647 #4788]  INFO -- : 0:  rails (4.0.3) from /home/student/.rvm/gems/ruby-2.1.0/specifications/rails-4.0.3.gemspec
I, [2014-03-27T22:00:33.751172 #4788]  INFO -- : 0:  rdoc (4.1.1) from /home/student/.rvm/gems/ruby-2.1.0/specifications/rdoc-4.1.1.gemspec
I, [2014-03-27T22:00:33.751597 #4788]  INFO -- : 0:  redcarpet (3.1.1) from /home/student/.rvm/gems/ruby-2.1.0/specifications/redcarpet-3.1.1.gemspec
I, [2014-03-27T22:00:33.752073 #4788]  INFO -- : 0:  sass-rails (4.0.1) from /home/student/.rvm/gems/ruby-2.1.0/specifications/sass-rails-4.0.1.gemspec
I, [2014-03-27T22:00:33.752589 #4788]  INFO -- : 0:  sdoc (0.4.0) from /home/student/.rvm/gems/ruby-2.1.0/specifications/sdoc-0.4.0.gemspec
I, [2014-03-27T22:00:33.753076 #4788]  INFO -- : 0:  sqlite3 (1.3.9) from /home/student/.rvm/gems/ruby-2.1.0/specifications/sqlite3-1.3.9.gemspec
I, [2014-03-27T22:00:33.753588 #4788]  INFO -- : 0:  turbolinks (2.2.1) from /home/student/.rvm/gems/ruby-2.1.0/specifications/turbolinks-2.2.1.gemspec
I, [2014-03-27T22:00:33.753866 #4788]  INFO -- : 0:  uglifier (2.4.0) from /home/student/.rvm/gems/ruby-2.1.0/specifications/uglifier-2.4.0.gemspec
I, [2014-03-27T22:00:35.203983 #4788]  INFO -- : 0:  will_paginate (3.0.5) from /home/student/.rvm/gems/ruby-2.1.0/specifications/will_paginate-3.0.5.gemspec
I, [2014-03-27T22:21:21.009925 #5032]  INFO -- : 0:  rake (10.1.1) from /home/student/.rvm/gems/ruby-2.1.0/specifications/rake-10.1.1.gemspec
I, [2014-03-27T22:21:21.010710 #5032]  INFO -- : 0:  i18n (0.6.9) from /home/student/.rvm/gems/ruby-2.1.0/specifications/i18n-0.6.9.gemspec
I, [2014-03-27T22:21:21.034066 #5032]  INFO -- : 0:  minitest (4.7.5) from /home/student/.rvm/gems/ruby-2.1.0/specifications/minitest-4.7.5.gemspec
I, [2014-03-27T22:21:21.036152 #5032]  INFO -- : 0:  multi_json (1.9.0) from /home/student/.rvm/gems/ruby-2.1.0/specifications/multi_json-1.9.0.gemspec
I, [2014-03-27T22:21:21.036771 #5032]  INFO -- : 0:  atomic (1.1.15) from /home/student/.rvm/gems/ruby-2.1.0/specifications/atomic-1.1.15.gemspec
I, [2014-03-27T22:21:21.037231 #5032]  INFO -- : 0:  thread_safe (0.2.0) from /home/student/.rvm/gems/ruby-2.1.0/specifications/thread_safe-0.2.0.gemspec
I, [2014-03-27T22:21:21.037660 #5032]  INFO -- : 0:  tzinfo (0.3.38) from /home/student/.rvm/gems/ruby-2.1.0/specifications/tzinfo-0.3.38.gemspec
I, [2014-03-27T22:21:21.038106 #5032]  INFO -- : 0:  activesupport (4.0.3) from /home/student/.rvm/gems/ruby-2.1.0/specifications/activesupport-4.0.3.gemspec
I, [2014-03-27T22:21:21.038492 #5032]  INFO -- : 0:  builder (3.1.4) from /home/student/.rvm/gems/ruby-2.1.0/specifications/builder-3.1.4.gemspec
I, [2014-03-27T22:21:21.038974 #5032]  INFO -- : 0:  erubis (2.7.0) from /home/student/.rvm/gems/ruby-2.1.0/specifications/erubis-2.7.0.gemspec
I, [2014-03-27T22:21:21.039428 #5032]  INFO -- : 0:  rack (1.5.2) from /home/student/.rvm/gems/ruby-2.1.0/specifications/rack-1.5.2.gemspec
I, [2014-03-27T22:21:21.039845 #5032]  INFO -- : 0:  rack-test (0.6.2) from /home/student/.rvm/gems/ruby-2.1.0/specifications/rack-test-0.6.2.gemspec
I, [2014-03-27T22:21:21.040273 #5032]  INFO -- : 0:  actionpack (4.0.3) from /home/student/.rvm/gems/ruby-2.1.0/specifications/actionpack-4.0.3.gemspec
I, [2014-03-27T22:21:21.040714 #5032]  INFO -- : 0:  mime-types (1.25.1) from /home/student/.rvm/gems/ruby-2.1.0/specifications/mime-types-1.25.1.gemspec
I, [2014-03-27T22:21:21.041183 #5032]  INFO -- : 0:  polyglot (0.3.4) from /home/student/.rvm/gems/ruby-2.1.0/specifications/polyglot-0.3.4.gemspec
I, [2014-03-27T22:21:21.041649 #5032]  INFO -- : 0:  treetop (1.4.15) from /home/student/.rvm/gems/ruby-2.1.0/specifications/treetop-1.4.15.gemspec
I, [2014-03-27T22:21:21.042698 #5032]  INFO -- : 0:  mail (2.5.4) from /home/student/.rvm/gems/ruby-2.1.0/specifications/mail-2.5.4.gemspec
I, [2014-03-27T22:21:21.043173 #5032]  INFO -- : 0:  actionmailer (4.0.3) from /home/student/.rvm/gems/ruby-2.1.0/specifications/actionmailer-4.0.3.gemspec
I, [2014-03-27T22:21:21.043678 #5032]  INFO -- : 0:  activemodel (4.0.3) from /home/student/.rvm/gems/ruby-2.1.0/specifications/activemodel-4.0.3.gemspec
I, [2014-03-27T22:21:21.044093 #5032]  INFO -- : 0:  activerecord-deprecated_finders (1.0.3) from /home/student/.rvm/gems/ruby-2.1.0/specifications/activerecord-deprecated_finders-1.0.3.gemspec
I, [2014-03-27T22:21:21.044538 #5032]  INFO -- : 0:  arel (4.0.2) from /home/student/.rvm/gems/ruby-2.1.0/specifications/arel-4.0.2.gemspec
I, [2014-03-27T22:21:21.044949 #5032]  INFO -- : 0:  activerecord (4.0.3) from /home/student/.rvm/gems/ruby-2.1.0/specifications/activerecord-4.0.3.gemspec
I, [2014-03-27T22:21:21.045362 #5032]  INFO -- : 0:  sass (3.2.14) from /home/student/.rvm/gems/ruby-2.1.0/specifications/sass-3.2.14.gemspec
I, [2014-03-27T22:21:21.045754 #5032]  INFO -- : 0:  bootstrap-sass (2.3.2.0) from /home/student/.rvm/gems/ruby-2.1.0/specifications/bootstrap-sass-2.3.2.0.gemspec
I, [2014-03-27T22:21:21.047809 #5032]  INFO -- : 0:  will_paginate (3.0.5) from /home/student/.rvm/gems/ruby-2.1.0/specifications/will_paginate-3.0.5.gemspec
I, [2014-03-27T22:21:22.231831 #5032]  INFO -- : 0:  bootstrap-will_paginate (0.0.10) from /home/student/.rvm/gems/ruby-2.1.0/specifications/bootstrap-will_paginate-0.0.10.gemspec
I, [2014-03-27T22:21:22.232491 #5032]  INFO -- : 0:  bundler (1.5.0) from /home/student/.rvm/gems/ruby-2.1.0@global/specifications/bundler-1.5.0.gemspec
I, [2014-03-27T22:21:22.232898 #5032]  INFO -- : 0:  coffee-script-source (1.7.0) from /home/student/.rvm/gems/ruby-2.1.0/specifications/coffee-script-source-1.7.0.gemspec
I, [2014-03-27T22:21:22.233337 #5032]  INFO -- : 0:  execjs (2.0.2) from /home/student/.rvm/gems/ruby-2.1.0/specifications/execjs-2.0.2.gemspec
I, [2014-03-27T22:21:22.233743 #5032]  INFO -- : 0:  coffee-script (2.2.0) from /home/student/.rvm/gems/ruby-2.1.0/specifications/coffee-script-2.2.0.gemspec
I, [2014-03-27T22:21:22.234950 #5032]  INFO -- : 0:  thor (0.18.1) from /home/student/.rvm/gems/ruby-2.1.0/specifications/thor-0.18.1.gemspec
I, [2014-03-27T22:21:22.235622 #5032]  INFO -- : 0:  railties (4.0.3) from /home/student/.rvm/gems/ruby-2.1.0/specifications/railties-4.0.3.gemspec
I, [2014-03-27T22:21:22.236016 #5032]  INFO -- : 0:  coffee-rails (4.0.1) from /home/student/.rvm/gems/ruby-2.1.0/specifications/coffee-rails-4.0.1.gemspec
I, [2014-03-27T22:21:22.236454 #5032]  INFO -- : 0:  hike (1.2.3) from /home/student/.rvm/gems/ruby-2.1.0/specifications/hike-1.2.3.gemspec
I, [2014-03-27T22:21:22.236869 #5032]  INFO -- : 0:  jbuilder (1.5.3) from /home/student/.rvm/gems/ruby-2.1.0/specifications/jbuilder-1.5.3.gemspec
I, [2014-03-27T22:21:22.237306 #5032]  INFO -- : 0:  jquery-rails (3.1.0) from /home/student/.rvm/gems/ruby-2.1.0/specifications/jquery-rails-3.1.0.gemspec
I, [2014-03-27T22:21:23.467323 #5032]  INFO -- : 0:  json (1.8.1) from /home/student/.rvm/gems/ruby-2.1.0/specifications/json-1.8.1.gemspec
I, [2014-03-27T22:21:23.468289 #5032]  INFO -- : 0:  posix-spawn (0.3.8) from /home/student/.rvm/gems/ruby-2.1.0/specifications/posix-spawn-0.3.8.gemspec
I, [2014-03-27T22:21:23.468791 #5032]  INFO -- : 0:  yajl-ruby (1.1.0) from /home/student/.rvm/gems/ruby-2.1.0/specifications/yajl-ruby-1.1.0.gemspec
I, [2014-03-27T22:21:23.469300 #5032]  INFO -- : 0:  pygments.rb (0.5.4) from /home/student/.rvm/gems/ruby-2.1.0/specifications/pygments.rb-0.5.4.gemspec
I, [2014-03-27T22:21:23.469763 #5032]  INFO -- : 0:  quiet_assets (1.0.2) from /home/student/.rvm/gems/ruby-2.1.0/specifications/quiet_assets-1.0.2.gemspec
I, [2014-03-27T22:21:23.470229 #5032]  INFO -- : 0:  tilt (1.4.1) from /home/student/.rvm/gems/ruby-2.1.0/specifications/tilt-1.4.1.gemspec
I, [2014-03-27T22:21:23.470710 #5032]  INFO -- : 0:  sprockets (2.11.0) from /home/student/.rvm/gems/ruby-2.1.0/specifications/sprockets-2.11.0.gemspec
I, [2014-03-27T22:21:23.471138 #5032]  INFO -- : 0:  sprockets-rails (2.0.1) from /home/student/.rvm/gems/ruby-2.1.0/specifications/sprockets-rails-2.0.1.gemspec
I, [2014-03-27T22:21:23.471538 #5032]  INFO -- : 0:  rails (4.0.3) from /home/student/.rvm/gems/ruby-2.1.0/specifications/rails-4.0.3.gemspec
I, [2014-03-27T22:21:23.471985 #5032]  INFO -- : 0:  rdoc (4.1.1) from /home/student/.rvm/gems/ruby-2.1.0/specifications/rdoc-4.1.1.gemspec
I, [2014-03-27T22:21:23.472430 #5032]  INFO -- : 0:  redcarpet (3.1.1) from /home/student/.rvm/gems/ruby-2.1.0/specifications/redcarpet-3.1.1.gemspec
I, [2014-03-27T22:21:23.472853 #5032]  INFO -- : 0:  sass-rails (4.0.1) from /home/student/.rvm/gems/ruby-2.1.0/specifications/sass-rails-4.0.1.gemspec
I, [2014-03-27T22:21:23.473296 #5032]  INFO -- : 0:  sdoc (0.4.0) from /home/student/.rvm/gems/ruby-2.1.0/specifications/sdoc-0.4.0.gemspec
I, [2014-03-27T22:21:23.473727 #5032]  INFO -- : 0:  sqlite3 (1.3.9) from /home/student/.rvm/gems/ruby-2.1.0/specifications/sqlite3-1.3.9.gemspec
I, [2014-03-27T22:21:23.474940 #5032]  INFO -- : 0:  turbolinks (2.2.1) from /home/student/.rvm/gems/ruby-2.1.0/specifications/turbolinks-2.2.1.gemspec
I, [2014-03-27T22:21:23.475438 #5032]  INFO -- : 0:  uglifier (2.4.0) from /home/student/.rvm/gems/ruby-2.1.0/specifications/uglifier-2.4.0.gemspec
I, [2014-03-27T22:23:31.751235 #5100]  INFO -- : 0:  rake (10.1.1) from /home/student/.rvm/gems/ruby-2.1.0/specifications/rake-10.1.1.gemspec
I, [2014-03-27T22:23:31.752152 #5100]  INFO -- : 0:  i18n (0.6.9) from /home/student/.rvm/gems/ruby-2.1.0/specifications/i18n-0.6.9.gemspec
I, [2014-03-27T22:23:31.781609 #5100]  INFO -- : 0:  minitest (4.7.5) from /home/student/.rvm/gems/ruby-2.1.0/specifications/minitest-4.7.5.gemspec
I, [2014-03-27T22:23:31.783106 #5100]  INFO -- : 0:  multi_json (1.9.0) from /home/student/.rvm/gems/ruby-2.1.0/specifications/multi_json-1.9.0.gemspec
I, [2014-03-27T22:23:31.783534 #5100]  INFO -- : 0:  atomic (1.1.15) from /home/student/.rvm/gems/ruby-2.1.0/specifications/atomic-1.1.15.gemspec
I, [2014-03-27T22:23:31.783967 #5100]  INFO -- : 0:  thread_safe (0.2.0) from /home/student/.rvm/gems/ruby-2.1.0/specifications/thread_safe-0.2.0.gemspec
I, [2014-03-27T22:23:31.784343 #5100]  INFO -- : 0:  tzinfo (0.3.38) from /home/student/.rvm/gems/ruby-2.1.0/specifications/tzinfo-0.3.38.gemspec
I, [2014-03-27T22:23:31.784766 #5100]  INFO -- : 0:  activesupport (4.0.3) from /home/student/.rvm/gems/ruby-2.1.0/specifications/activesupport-4.0.3.gemspec
I, [2014-03-27T22:23:31.785172 #5100]  INFO -- : 0:  builder (3.1.4) from /home/student/.rvm/gems/ruby-2.1.0/specifications/builder-3.1.4.gemspec
I, [2014-03-27T22:23:31.785724 #5100]  INFO -- : 0:  erubis (2.7.0) from /home/student/.rvm/gems/ruby-2.1.0/specifications/erubis-2.7.0.gemspec
I, [2014-03-27T22:23:31.786984 #5100]  INFO -- : 0:  rack (1.5.2) from /home/student/.rvm/gems/ruby-2.1.0/specifications/rack-1.5.2.gemspec
I, [2014-03-27T22:23:31.788261 #5100]  INFO -- : 0:  rack-test (0.6.2) from /home/student/.rvm/gems/ruby-2.1.0/specifications/rack-test-0.6.2.gemspec
I, [2014-03-27T22:23:31.790161 #5100]  INFO -- : 0:  actionpack (4.0.3) from /home/student/.rvm/gems/ruby-2.1.0/specifications/actionpack-4.0.3.gemspec
I, [2014-03-27T22:23:31.794378 #5100]  INFO -- : 0:  mime-types (1.25.1) from /home/student/.rvm/gems/ruby-2.1.0/specifications/mime-types-1.25.1.gemspec
I, [2014-03-27T22:23:31.795067 #5100]  INFO -- : 0:  polyglot (0.3.4) from /home/student/.rvm/gems/ruby-2.1.0/specifications/polyglot-0.3.4.gemspec
I, [2014-03-27T22:23:31.796242 #5100]  INFO -- : 0:  treetop (1.4.15) from /home/student/.rvm/gems/ruby-2.1.0/specifications/treetop-1.4.15.gemspec
I, [2014-03-27T22:23:31.796814 #5100]  INFO -- : 0:  mail (2.5.4) from /home/student/.rvm/gems/ruby-2.1.0/specifications/mail-2.5.4.gemspec
I, [2014-03-27T22:23:31.797380 #5100]  INFO -- : 0:  actionmailer (4.0.3) from /home/student/.rvm/gems/ruby-2.1.0/specifications/actionmailer-4.0.3.gemspec
I, [2014-03-27T22:23:31.797901 #5100]  INFO -- : 0:  activemodel (4.0.3) from /home/student/.rvm/gems/ruby-2.1.0/specifications/activemodel-4.0.3.gemspec
I, [2014-03-27T22:23:31.798350 #5100]  INFO -- : 0:  activerecord-deprecated_finders (1.0.3) from /home/student/.rvm/gems/ruby-2.1.0/specifications/activerecord-deprecated_finders-1.0.3.gemspec
I, [2014-03-27T22:23:31.798847 #5100]  INFO -- : 0:  arel (4.0.2) from /home/student/.rvm/gems/ruby-2.1.0/specifications/arel-4.0.2.gemspec
I, [2014-03-27T22:23:31.799692 #5100]  INFO -- : 0:  activerecord (4.0.3) from /home/student/.rvm/gems/ruby-2.1.0/specifications/activerecord-4.0.3.gemspec
I, [2014-03-27T22:23:31.801477 #5100]  INFO -- : 0:  sass (3.2.14) from /home/student/.rvm/gems/ruby-2.1.0/specifications/sass-3.2.14.gemspec
I, [2014-03-27T22:23:31.802353 #5100]  INFO -- : 0:  bootstrap-sass (2.3.2.0) from /home/student/.rvm/gems/ruby-2.1.0/specifications/bootstrap-sass-2.3.2.0.gemspec
I, [2014-03-27T22:23:31.802908 #5100]  INFO -- : 0:  bundler (1.5.0) from /home/student/.rvm/gems/ruby-2.1.0@global/specifications/bundler-1.5.0.gemspec
I, [2014-03-27T22:23:31.803809 #5100]  INFO -- : 0:  coffee-script-source (1.7.0) from /home/student/.rvm/gems/ruby-2.1.0/specifications/coffee-script-source-1.7.0.gemspec
I, [2014-03-27T22:23:31.804448 #5100]  INFO -- : 0:  execjs (2.0.2) from /home/student/.rvm/gems/ruby-2.1.0/specifications/execjs-2.0.2.gemspec
I, [2014-03-27T22:23:31.805010 #5100]  INFO -- : 0:  coffee-script (2.2.0) from /home/student/.rvm/gems/ruby-2.1.0/specifications/coffee-script-2.2.0.gemspec
I, [2014-03-27T22:23:31.805485 #5100]  INFO -- : 0:  thor (0.18.1) from /home/student/.rvm/gems/ruby-2.1.0/specifications/thor-0.18.1.gemspec
I, [2014-03-27T22:23:31.806024 #5100]  INFO -- : 0:  railties (4.0.3) from /home/student/.rvm/gems/ruby-2.1.0/specifications/railties-4.0.3.gemspec
I, [2014-03-27T22:23:31.812427 #5100]  INFO -- : 0:  coffee-rails (4.0.1) from /home/student/.rvm/gems/ruby-2.1.0/specifications/coffee-rails-4.0.1.gemspec
I, [2014-03-27T22:23:31.813198 #5100]  INFO -- : 0:  hike (1.2.3) from /home/student/.rvm/gems/ruby-2.1.0/specifications/hike-1.2.3.gemspec
I, [2014-03-27T22:23:31.813828 #5100]  INFO -- : 0:  jbuilder (1.5.3) from /home/student/.rvm/gems/ruby-2.1.0/specifications/jbuilder-1.5.3.gemspec
I, [2014-03-27T22:23:31.814185 #5100]  INFO -- : 0:  jquery-rails (3.1.0) from /home/student/.rvm/gems/ruby-2.1.0/specifications/jquery-rails-3.1.0.gemspec
I, [2014-03-27T22:23:33.125941 #5100]  INFO -- : 0:  json (1.8.1) from /home/student/.rvm/gems/ruby-2.1.0/specifications/json-1.8.1.gemspec
I, [2014-03-27T22:23:33.126727 #5100]  INFO -- : 0:  posix-spawn (0.3.8) from /home/student/.rvm/gems/ruby-2.1.0/specifications/posix-spawn-0.3.8.gemspec
I, [2014-03-27T22:23:33.127192 #5100]  INFO -- : 0:  yajl-ruby (1.1.0) from /home/student/.rvm/gems/ruby-2.1.0/specifications/yajl-ruby-1.1.0.gemspec
I, [2014-03-27T22:23:33.127662 #5100]  INFO -- : 0:  pygments.rb (0.5.4) from /home/student/.rvm/gems/ruby-2.1.0/specifications/pygments.rb-0.5.4.gemspec
I, [2014-03-27T22:23:33.128095 #5100]  INFO -- : 0:  quiet_assets (1.0.2) from /home/student/.rvm/gems/ruby-2.1.0/specifications/quiet_assets-1.0.2.gemspec
I, [2014-03-27T22:23:33.128563 #5100]  INFO -- : 0:  tilt (1.4.1) from /home/student/.rvm/gems/ruby-2.1.0/specifications/tilt-1.4.1.gemspec
I, [2014-03-27T22:23:33.128998 #5100]  INFO -- : 0:  sprockets (2.11.0) from /home/student/.rvm/gems/ruby-2.1.0/specifications/sprockets-2.11.0.gemspec
I, [2014-03-27T22:23:33.129429 #5100]  INFO -- : 0:  sprockets-rails (2.0.1) from /home/student/.rvm/gems/ruby-2.1.0/specifications/sprockets-rails-2.0.1.gemspec
I, [2014-03-27T22:23:33.129894 #5100]  INFO -- : 0:  rails (4.0.3) from /home/student/.rvm/gems/ruby-2.1.0/specifications/rails-4.0.3.gemspec
I, [2014-03-27T22:23:33.130326 #5100]  INFO -- : 0:  rdoc (4.1.1) from /home/student/.rvm/gems/ruby-2.1.0/specifications/rdoc-4.1.1.gemspec
I, [2014-03-27T22:23:33.130781 #5100]  INFO -- : 0:  redcarpet (3.1.1) from /home/student/.rvm/gems/ruby-2.1.0/specifications/redcarpet-3.1.1.gemspec
I, [2014-03-27T22:23:33.131214 #5100]  INFO -- : 0:  sass-rails (4.0.1) from /home/student/.rvm/gems/ruby-2.1.0/specifications/sass-rails-4.0.1.gemspec
I, [2014-03-27T22:23:33.131637 #5100]  INFO -- : 0:  sdoc (0.4.0) from /home/student/.rvm/gems/ruby-2.1.0/specifications/sdoc-0.4.0.gemspec
I, [2014-03-27T22:23:33.132111 #5100]  INFO -- : 0:  sqlite3 (1.3.9) from /home/student/.rvm/gems/ruby-2.1.0/specifications/sqlite3-1.3.9.gemspec
I, [2014-03-27T22:23:33.132539 #5100]  INFO -- : 0:  turbolinks (2.2.1) from /home/student/.rvm/gems/ruby-2.1.0/specifications/turbolinks-2.2.1.gemspec
I, [2014-03-27T22:23:33.133072 #5100]  INFO -- : 0:  uglifier (2.4.0) from /home/student/.rvm/gems/ruby-2.1.0/specifications/uglifier-2.4.0.gemspec
I, [2014-03-27T22:23:33.133500 #5100]  INFO -- : 0:  will_paginate (3.0.5) from /home/student/.rvm/gems/ruby-2.1.0/specifications/will_paginate-3.0.5.gemspec
I, [2014-03-27T22:23:34.463725 #5100]  INFO -- : 0:  will_paginate-bootstrap (1.0.0) from /home/student/.rvm/gems/ruby-2.1.0/specifications/will_paginate-bootstrap-1.0.0.gemspec
I, [2014-03-27T22:25:40.148874 #5168]  INFO -- : 0:  rake (10.1.1) from /home/student/.rvm/gems/ruby-2.1.0/specifications/rake-10.1.1.gemspec
I, [2014-03-27T22:25:40.149616 #5168]  INFO -- : 0:  i18n (0.6.9) from /home/student/.rvm/gems/ruby-2.1.0/specifications/i18n-0.6.9.gemspec
I, [2014-03-27T22:25:40.213688 #5168]  INFO -- : 0:  minitest (4.7.5) from /home/student/.rvm/gems/ruby-2.1.0/specifications/minitest-4.7.5.gemspec
I, [2014-03-27T22:25:40.216260 #5168]  INFO -- : 0:  multi_json (1.9.0) from /home/student/.rvm/gems/ruby-2.1.0/specifications/multi_json-1.9.0.gemspec
I, [2014-03-27T22:25:40.216947 #5168]  INFO -- : 0:  atomic (1.1.15) from /home/student/.rvm/gems/ruby-2.1.0/specifications/atomic-1.1.15.gemspec
I, [2014-03-27T22:25:40.217456 #5168]  INFO -- : 0:  thread_safe (0.2.0) from /home/student/.rvm/gems/ruby-2.1.0/specifications/thread_safe-0.2.0.gemspec
I, [2014-03-27T22:25:40.217872 #5168]  INFO -- : 0:  tzinfo (0.3.38) from /home/student/.rvm/gems/ruby-2.1.0/specifications/tzinfo-0.3.38.gemspec
I, [2014-03-27T22:25:40.218425 #5168]  INFO -- : 0:  activesupport (4.0.3) from /home/student/.rvm/gems/ruby-2.1.0/specifications/activesupport-4.0.3.gemspec
I, [2014-03-27T22:25:40.218976 #5168]  INFO -- : 0:  builder (3.1.4) from /home/student/.rvm/gems/ruby-2.1.0/specifications/builder-3.1.4.gemspec
I, [2014-03-27T22:25:40.219558 #5168]  INFO -- : 0:  erubis (2.7.0) from /home/student/.rvm/gems/ruby-2.1.0/specifications/erubis-2.7.0.gemspec
I, [2014-03-27T22:25:40.220033 #5168]  INFO -- : 0:  rack (1.5.2) from /home/student/.rvm/gems/ruby-2.1.0/specifications/rack-1.5.2.gemspec
I, [2014-03-27T22:25:40.220479 #5168]  INFO -- : 0:  rack-test (0.6.2) from /home/student/.rvm/gems/ruby-2.1.0/specifications/rack-test-0.6.2.gemspec
I, [2014-03-27T22:25:40.220973 #5168]  INFO -- : 0:  actionpack (4.0.3) from /home/student/.rvm/gems/ruby-2.1.0/specifications/actionpack-4.0.3.gemspec
I, [2014-03-27T22:25:40.221388 #5168]  INFO -- : 0:  mime-types (1.25.1) from /home/student/.rvm/gems/ruby-2.1.0/specifications/mime-types-1.25.1.gemspec
I, [2014-03-27T22:25:40.221888 #5168]  INFO -- : 0:  polyglot (0.3.4) from /home/student/.rvm/gems/ruby-2.1.0/specifications/polyglot-0.3.4.gemspec
I, [2014-03-27T22:25:40.222212 #5168]  INFO -- : 0:  treetop (1.4.15) from /home/student/.rvm/gems/ruby-2.1.0/specifications/treetop-1.4.15.gemspec
I, [2014-03-27T22:25:40.222752 #5168]  INFO -- : 0:  mail (2.5.4) from /home/student/.rvm/gems/ruby-2.1.0/specifications/mail-2.5.4.gemspec
I, [2014-03-27T22:25:40.223372 #5168]  INFO -- : 0:  actionmailer (4.0.3) from /home/student/.rvm/gems/ruby-2.1.0/specifications/actionmailer-4.0.3.gemspec
I, [2014-03-27T22:25:40.225629 #5168]  INFO -- : 0:  activemodel (4.0.3) from /home/student/.rvm/gems/ruby-2.1.0/specifications/activemodel-4.0.3.gemspec
I, [2014-03-27T22:25:40.226381 #5168]  INFO -- : 0:  activerecord-deprecated_finders (1.0.3) from /home/student/.rvm/gems/ruby-2.1.0/specifications/activerecord-deprecated_finders-1.0.3.gemspec
I, [2014-03-27T22:25:40.226837 #5168]  INFO -- : 0:  arel (4.0.2) from /home/student/.rvm/gems/ruby-2.1.0/specifications/arel-4.0.2.gemspec
I, [2014-03-27T22:25:40.227209 #5168]  INFO -- : 0:  activerecord (4.0.3) from /home/student/.rvm/gems/ruby-2.1.0/specifications/activerecord-4.0.3.gemspec
I, [2014-03-27T22:25:40.227637 #5168]  INFO -- : 0:  sass (3.2.14) from /home/student/.rvm/gems/ruby-2.1.0/specifications/sass-3.2.14.gemspec
I, [2014-03-27T22:25:40.228110 #5168]  INFO -- : 0:  bootstrap-sass (2.3.2.0) from /home/student/.rvm/gems/ruby-2.1.0/specifications/bootstrap-sass-2.3.2.0.gemspec
I, [2014-03-27T22:25:40.228504 #5168]  INFO -- : 0:  coffee-script-source (1.7.0) from /home/student/.rvm/gems/ruby-2.1.0/specifications/coffee-script-source-1.7.0.gemspec
I, [2014-03-27T22:25:40.228956 #5168]  INFO -- : 0:  execjs (2.0.2) from /home/student/.rvm/gems/ruby-2.1.0/specifications/execjs-2.0.2.gemspec
I, [2014-03-27T22:25:40.229437 #5168]  INFO -- : 0:  coffee-script (2.2.0) from /home/student/.rvm/gems/ruby-2.1.0/specifications/coffee-script-2.2.0.gemspec
I, [2014-03-27T22:25:40.229876 #5168]  INFO -- : 0:  thor (0.18.1) from /home/student/.rvm/gems/ruby-2.1.0/specifications/thor-0.18.1.gemspec
I, [2014-03-27T22:25:40.230315 #5168]  INFO -- : 0:  railties (4.0.3) from /home/student/.rvm/gems/ruby-2.1.0/specifications/railties-4.0.3.gemspec
I, [2014-03-27T22:25:40.230702 #5168]  INFO -- : 0:  coffee-rails (4.0.1) from /home/student/.rvm/gems/ruby-2.1.0/specifications/coffee-rails-4.0.1.gemspec
I, [2014-03-27T22:25:40.231190 #5168]  INFO -- : 0:  hike (1.2.3) from /home/student/.rvm/gems/ruby-2.1.0/specifications/hike-1.2.3.gemspec
I, [2014-03-27T22:25:40.231589 #5168]  INFO -- : 0:  jbuilder (1.5.3) from /home/student/.rvm/gems/ruby-2.1.0/specifications/jbuilder-1.5.3.gemspec
I, [2014-03-27T22:25:40.233022 #5168]  INFO -- : 0:  jquery-rails (3.1.0) from /home/student/.rvm/gems/ruby-2.1.0/specifications/jquery-rails-3.1.0.gemspec
I, [2014-03-27T22:25:41.421369 #5168]  INFO -- : 0:  json (1.8.1) from /home/student/.rvm/gems/ruby-2.1.0/specifications/json-1.8.1.gemspec
I, [2014-03-27T22:25:41.422124 #5168]  INFO -- : 0:  posix-spawn (0.3.8) from /home/student/.rvm/gems/ruby-2.1.0/specifications/posix-spawn-0.3.8.gemspec
I, [2014-03-27T22:25:41.423128 #5168]  INFO -- : 0:  yajl-ruby (1.1.0) from /home/student/.rvm/gems/ruby-2.1.0/specifications/yajl-ruby-1.1.0.gemspec
I, [2014-03-27T22:25:41.423742 #5168]  INFO -- : 0:  pygments.rb (0.5.4) from /home/student/.rvm/gems/ruby-2.1.0/specifications/pygments.rb-0.5.4.gemspec
I, [2014-03-27T22:25:41.424180 #5168]  INFO -- : 0:  quiet_assets (1.0.2) from /home/student/.rvm/gems/ruby-2.1.0/specifications/quiet_assets-1.0.2.gemspec
I, [2014-03-27T22:25:41.424612 #5168]  INFO -- : 0:  bundler (1.5.0) from /home/student/.rvm/gems/ruby-2.1.0@global/specifications/bundler-1.5.0.gemspec
I, [2014-03-27T22:25:41.425090 #5168]  INFO -- : 0:  tilt (1.4.1) from /home/student/.rvm/gems/ruby-2.1.0/specifications/tilt-1.4.1.gemspec
I, [2014-03-27T22:25:41.425538 #5168]  INFO -- : 0:  sprockets (2.11.0) from /home/student/.rvm/gems/ruby-2.1.0/specifications/sprockets-2.11.0.gemspec
I, [2014-03-27T22:25:41.426037 #5168]  INFO -- : 0:  sprockets-rails (2.0.1) from /home/student/.rvm/gems/ruby-2.1.0/specifications/sprockets-rails-2.0.1.gemspec
I, [2014-03-27T22:25:41.426283 #5168]  INFO -- : 0:  rails (4.0.3) from /home/student/.rvm/gems/ruby-2.1.0/specifications/rails-4.0.3.gemspec
I, [2014-03-27T22:25:41.426851 #5168]  INFO -- : 0:  rdoc (4.1.1) from /home/student/.rvm/gems/ruby-2.1.0/specifications/rdoc-4.1.1.gemspec
I, [2014-03-27T22:25:41.427264 #5168]  INFO -- : 0:  redcarpet (3.1.1) from /home/student/.rvm/gems/ruby-2.1.0/specifications/redcarpet-3.1.1.gemspec
I, [2014-03-27T22:25:41.427705 #5168]  INFO -- : 0:  sass-rails (4.0.1) from /home/student/.rvm/gems/ruby-2.1.0/specifications/sass-rails-4.0.1.gemspec
I, [2014-03-27T22:25:41.428173 #5168]  INFO -- : 0:  sdoc (0.4.0) from /home/student/.rvm/gems/ruby-2.1.0/specifications/sdoc-0.4.0.gemspec
I, [2014-03-27T22:25:41.428606 #5168]  INFO -- : 0:  sqlite3 (1.3.9) from /home/student/.rvm/gems/ruby-2.1.0/specifications/sqlite3-1.3.9.gemspec
I, [2014-03-27T22:25:41.429056 #5168]  INFO -- : 0:  turbolinks (2.2.1) from /home/student/.rvm/gems/ruby-2.1.0/specifications/turbolinks-2.2.1.gemspec
I, [2014-03-27T22:25:41.429485 #5168]  INFO -- : 0:  uglifier (2.4.0) from /home/student/.rvm/gems/ruby-2.1.0/specifications/uglifier-2.4.0.gemspec
I, [2014-03-27T22:25:41.430588 #5168]  INFO -- : 0:  will_paginate (3.0.5) from /home/student/.rvm/gems/ruby-2.1.0/specifications/will_paginate-3.0.5.gemspec
I, [2014-03-27T22:25:41.433325 #5168]  INFO -- : 0:  will_paginate-bootstrap (1.0.0) from /home/student/.rvm/gems/ruby-2.1.0/specifications/will_paginate-bootstrap-1.0.0.gemspec
I, [2014-03-27T22:25:45.326396 #5220]  INFO -- : 0:  rake (10.1.1) from /home/student/.rvm/gems/ruby-2.1.0/specifications/rake-10.1.1.gemspec
I, [2014-03-27T22:25:45.327125 #5220]  INFO -- : 0:  i18n (0.6.9) from /home/student/.rvm/gems/ruby-2.1.0/specifications/i18n-0.6.9.gemspec
I, [2014-03-27T22:25:45.386904 #5220]  INFO -- : 0:  minitest (4.7.5) from /home/student/.rvm/gems/ruby-2.1.0/specifications/minitest-4.7.5.gemspec
I, [2014-03-27T22:25:45.395051 #5220]  INFO -- : 0:  multi_json (1.9.0) from /home/student/.rvm/gems/ruby-2.1.0/specifications/multi_json-1.9.0.gemspec
I, [2014-03-27T22:25:45.396096 #5220]  INFO -- : 0:  atomic (1.1.15) from /home/student/.rvm/gems/ruby-2.1.0/specifications/atomic-1.1.15.gemspec
I, [2014-03-27T22:25:45.397106 #5220]  INFO -- : 0:  thread_safe (0.2.0) from /home/student/.rvm/gems/ruby-2.1.0/specifications/thread_safe-0.2.0.gemspec
I, [2014-03-27T22:25:45.397867 #5220]  INFO -- : 0:  tzinfo (0.3.38) from /home/student/.rvm/gems/ruby-2.1.0/specifications/tzinfo-0.3.38.gemspec
I, [2014-03-27T22:25:45.398468 #5220]  INFO -- : 0:  activesupport (4.0.3) from /home/student/.rvm/gems/ruby-2.1.0/specifications/activesupport-4.0.3.gemspec
I, [2014-03-27T22:25:45.399335 #5220]  INFO -- : 0:  builder (3.1.4) from /home/student/.rvm/gems/ruby-2.1.0/specifications/builder-3.1.4.gemspec
I, [2014-03-27T22:25:45.399853 #5220]  INFO -- : 0:  erubis (2.7.0) from /home/student/.rvm/gems/ruby-2.1.0/specifications/erubis-2.7.0.gemspec
I, [2014-03-27T22:25:45.400272 #5220]  INFO -- : 0:  rack (1.5.2) from /home/student/.rvm/gems/ruby-2.1.0/specifications/rack-1.5.2.gemspec
I, [2014-03-27T22:25:45.400682 #5220]  INFO -- : 0:  rack-test (0.6.2) from /home/student/.rvm/gems/ruby-2.1.0/specifications/rack-test-0.6.2.gemspec
I, [2014-03-27T22:25:45.401106 #5220]  INFO -- : 0:  actionpack (4.0.3) from /home/student/.rvm/gems/ruby-2.1.0/specifications/actionpack-4.0.3.gemspec
I, [2014-03-27T22:25:45.401501 #5220]  INFO -- : 0:  mime-types (1.25.1) from /home/student/.rvm/gems/ruby-2.1.0/specifications/mime-types-1.25.1.gemspec
I, [2014-03-27T22:25:45.401957 #5220]  INFO -- : 0:  polyglot (0.3.4) from /home/student/.rvm/gems/ruby-2.1.0/specifications/polyglot-0.3.4.gemspec
I, [2014-03-27T22:25:45.402203 #5220]  INFO -- : 0:  treetop (1.4.15) from /home/student/.rvm/gems/ruby-2.1.0/specifications/treetop-1.4.15.gemspec
I, [2014-03-27T22:25:45.402664 #5220]  INFO -- : 0:  mail (2.5.4) from /home/student/.rvm/gems/ruby-2.1.0/specifications/mail-2.5.4.gemspec
I, [2014-03-27T22:25:45.403101 #5220]  INFO -- : 0:  actionmailer (4.0.3) from /home/student/.rvm/gems/ruby-2.1.0/specifications/actionmailer-4.0.3.gemspec
I, [2014-03-27T22:25:45.403499 #5220]  INFO -- : 0:  activemodel (4.0.3) from /home/student/.rvm/gems/ruby-2.1.0/specifications/activemodel-4.0.3.gemspec
I, [2014-03-27T22:25:45.403910 #5220]  INFO -- : 0:  activerecord-deprecated_finders (1.0.3) from /home/student/.rvm/gems/ruby-2.1.0/specifications/activerecord-deprecated_finders-1.0.3.gemspec
I, [2014-03-27T22:25:45.404298 #5220]  INFO -- : 0:  arel (4.0.2) from /home/student/.rvm/gems/ruby-2.1.0/specifications/arel-4.0.2.gemspec
I, [2014-03-27T22:25:45.404697 #5220]  INFO -- : 0:  activerecord (4.0.3) from /home/student/.rvm/gems/ruby-2.1.0/specifications/activerecord-4.0.3.gemspec
I, [2014-03-27T22:25:45.405111 #5220]  INFO -- : 0:  sass (3.2.14) from /home/student/.rvm/gems/ruby-2.1.0/specifications/sass-3.2.14.gemspec
I, [2014-03-27T22:25:45.405410 #5220]  INFO -- : 0:  bootstrap-sass (2.3.2.0) from /home/student/.rvm/gems/ruby-2.1.0/specifications/bootstrap-sass-2.3.2.0.gemspec
I, [2014-03-27T22:25:45.406726 #5220]  INFO -- : 0:  coffee-script-source (1.7.0) from /home/student/.rvm/gems/ruby-2.1.0/specifications/coffee-script-source-1.7.0.gemspec
I, [2014-03-27T22:25:45.407368 #5220]  INFO -- : 0:  execjs (2.0.2) from /home/student/.rvm/gems/ruby-2.1.0/specifications/execjs-2.0.2.gemspec
I, [2014-03-27T22:25:45.407923 #5220]  INFO -- : 0:  coffee-script (2.2.0) from /home/student/.rvm/gems/ruby-2.1.0/specifications/coffee-script-2.2.0.gemspec
I, [2014-03-27T22:25:45.408327 #5220]  INFO -- : 0:  thor (0.18.1) from /home/student/.rvm/gems/ruby-2.1.0/specifications/thor-0.18.1.gemspec
I, [2014-03-27T22:25:45.408964 #5220]  INFO -- : 0:  railties (4.0.3) from /home/student/.rvm/gems/ruby-2.1.0/specifications/railties-4.0.3.gemspec
I, [2014-03-27T22:25:45.409462 #5220]  INFO -- : 0:  coffee-rails (4.0.1) from /home/student/.rvm/gems/ruby-2.1.0/specifications/coffee-rails-4.0.1.gemspec
I, [2014-03-27T22:25:45.409962 #5220]  INFO -- : 0:  hike (1.2.3) from /home/student/.rvm/gems/ruby-2.1.0/specifications/hike-1.2.3.gemspec
I, [2014-03-27T22:25:45.410190 #5220]  INFO -- : 0:  jbuilder (1.5.3) from /home/student/.rvm/gems/ruby-2.1.0/specifications/jbuilder-1.5.3.gemspec
I, [2014-03-27T22:25:45.410611 #5220]  INFO -- : 0:  jquery-rails (3.1.0) from /home/student/.rvm/gems/ruby-2.1.0/specifications/jquery-rails-3.1.0.gemspec
I, [2014-03-27T22:25:46.601442 #5220]  INFO -- : 0:  json (1.8.1) from /home/student/.rvm/gems/ruby-2.1.0/specifications/json-1.8.1.gemspec
I, [2014-03-27T22:25:46.602343 #5220]  INFO -- : 0:  posix-spawn (0.3.8) from /home/student/.rvm/gems/ruby-2.1.0/specifications/posix-spawn-0.3.8.gemspec
I, [2014-03-27T22:25:46.602755 #5220]  INFO -- : 0:  yajl-ruby (1.1.0) from /home/student/.rvm/gems/ruby-2.1.0/specifications/yajl-ruby-1.1.0.gemspec
I, [2014-03-27T22:25:46.603218 #5220]  INFO -- : 0:  pygments.rb (0.5.4) from /home/student/.rvm/gems/ruby-2.1.0/specifications/pygments.rb-0.5.4.gemspec
I, [2014-03-27T22:25:46.603637 #5220]  INFO -- : 0:  quiet_assets (1.0.2) from /home/student/.rvm/gems/ruby-2.1.0/specifications/quiet_assets-1.0.2.gemspec
I, [2014-03-27T22:25:46.604072 #5220]  INFO -- : 0:  bundler (1.5.0) from /home/student/.rvm/gems/ruby-2.1.0@global/specifications/bundler-1.5.0.gemspec
I, [2014-03-27T22:25:46.604503 #5220]  INFO -- : 0:  tilt (1.4.1) from /home/student/.rvm/gems/ruby-2.1.0/specifications/tilt-1.4.1.gemspec
I, [2014-03-27T22:25:46.604926 #5220]  INFO -- : 0:  sprockets (2.11.0) from /home/student/.rvm/gems/ruby-2.1.0/specifications/sprockets-2.11.0.gemspec
I, [2014-03-27T22:25:46.605371 #5220]  INFO -- : 0:  sprockets-rails (2.0.1) from /home/student/.rvm/gems/ruby-2.1.0/specifications/sprockets-rails-2.0.1.gemspec
I, [2014-03-27T22:25:46.605896 #5220]  INFO -- : 0:  rails (4.0.3) from /home/student/.rvm/gems/ruby-2.1.0/specifications/rails-4.0.3.gemspec
I, [2014-03-27T22:25:46.606390 #5220]  INFO -- : 0:  rdoc (4.1.1) from /home/student/.rvm/gems/ruby-2.1.0/specifications/rdoc-4.1.1.gemspec
I, [2014-03-27T22:25:46.606917 #5220]  INFO -- : 0:  redcarpet (3.1.1) from /home/student/.rvm/gems/ruby-2.1.0/specifications/redcarpet-3.1.1.gemspec
I, [2014-03-27T22:25:46.607320 #5220]  INFO -- : 0:  sass-rails (4.0.1) from /home/student/.rvm/gems/ruby-2.1.0/specifications/sass-rails-4.0.1.gemspec
I, [2014-03-27T22:25:46.607768 #5220]  INFO -- : 0:  sdoc (0.4.0) from /home/student/.rvm/gems/ruby-2.1.0/specifications/sdoc-0.4.0.gemspec
I, [2014-03-27T22:25:46.608286 #5220]  INFO -- : 0:  sqlite3 (1.3.9) from /home/student/.rvm/gems/ruby-2.1.0/specifications/sqlite3-1.3.9.gemspec
I, [2014-03-27T22:25:46.608740 #5220]  INFO -- : 0:  turbolinks (2.2.1) from /home/student/.rvm/gems/ruby-2.1.0/specifications/turbolinks-2.2.1.gemspec
I, [2014-03-27T22:25:46.609171 #5220]  INFO -- : 0:  uglifier (2.4.0) from /home/student/.rvm/gems/ruby-2.1.0/specifications/uglifier-2.4.0.gemspec
I, [2014-03-27T22:25:46.609627 #5220]  INFO -- : 0:  will_paginate (3.0.5) from /home/student/.rvm/gems/ruby-2.1.0/specifications/will_paginate-3.0.5.gemspec
I, [2014-03-27T22:25:46.610114 #5220]  INFO -- : 0:  will_paginate-bootstrap (1.0.0) from /home/student/.rvm/gems/ruby-2.1.0/specifications/will_paginate-bootstrap-1.0.0.gemspec
I, [2014-03-28T10:41:55.960962 #2620]  INFO -- : 0:  rake (10.1.1) from /home/student/.rvm/gems/ruby-2.1.0/specifications/rake-10.1.1.gemspec
I, [2014-03-28T10:41:55.995352 #2620]  INFO -- : 0:  i18n (0.6.9) from /home/student/.rvm/gems/ruby-2.1.0/specifications/i18n-0.6.9.gemspec
I, [2014-03-28T10:41:56.142157 #2620]  INFO -- : 0:  minitest (4.7.5) from /home/student/.rvm/gems/ruby-2.1.0/specifications/minitest-4.7.5.gemspec
I, [2014-03-28T10:41:56.142891 #2620]  INFO -- : 0:  multi_json (1.9.0) from /home/student/.rvm/gems/ruby-2.1.0/specifications/multi_json-1.9.0.gemspec
I, [2014-03-28T10:41:56.143435 #2620]  INFO -- : 0:  atomic (1.1.15) from /home/student/.rvm/gems/ruby-2.1.0/specifications/atomic-1.1.15.gemspec
I, [2014-03-28T10:41:56.143865 #2620]  INFO -- : 0:  thread_safe (0.2.0) from /home/student/.rvm/gems/ruby-2.1.0/specifications/thread_safe-0.2.0.gemspec
I, [2014-03-28T10:41:56.144328 #2620]  INFO -- : 0:  tzinfo (0.3.38) from /home/student/.rvm/gems/ruby-2.1.0/specifications/tzinfo-0.3.38.gemspec
I, [2014-03-28T10:41:56.144809 #2620]  INFO -- : 0:  activesupport (4.0.3) from /home/student/.rvm/gems/ruby-2.1.0/specifications/activesupport-4.0.3.gemspec
I, [2014-03-28T10:41:56.145267 #2620]  INFO -- : 0:  builder (3.1.4) from /home/student/.rvm/gems/ruby-2.1.0/specifications/builder-3.1.4.gemspec
I, [2014-03-28T10:41:56.145728 #2620]  INFO -- : 0:  erubis (2.7.0) from /home/student/.rvm/gems/ruby-2.1.0/specifications/erubis-2.7.0.gemspec
I, [2014-03-28T10:41:56.146148 #2620]  INFO -- : 0:  rack (1.5.2) from /home/student/.rvm/gems/ruby-2.1.0/specifications/rack-1.5.2.gemspec
I, [2014-03-28T10:41:56.146875 #2620]  INFO -- : 0:  rack-test (0.6.2) from /home/student/.rvm/gems/ruby-2.1.0/specifications/rack-test-0.6.2.gemspec
I, [2014-03-28T10:41:56.147718 #2620]  INFO -- : 0:  actionpack (4.0.3) from /home/student/.rvm/gems/ruby-2.1.0/specifications/actionpack-4.0.3.gemspec
I, [2014-03-28T10:41:56.148643 #2620]  INFO -- : 0:  mime-types (1.25.1) from /home/student/.rvm/gems/ruby-2.1.0/specifications/mime-types-1.25.1.gemspec
I, [2014-03-28T10:41:56.149473 #2620]  INFO -- : 0:  polyglot (0.3.4) from /home/student/.rvm/gems/ruby-2.1.0/specifications/polyglot-0.3.4.gemspec
I, [2014-03-28T10:41:56.150516 #2620]  INFO -- : 0:  treetop (1.4.15) from /home/student/.rvm/gems/ruby-2.1.0/specifications/treetop-1.4.15.gemspec
I, [2014-03-28T10:41:56.151404 #2620]  INFO -- : 0:  mail (2.5.4) from /home/student/.rvm/gems/ruby-2.1.0/specifications/mail-2.5.4.gemspec
I, [2014-03-28T10:41:56.152165 #2620]  INFO -- : 0:  actionmailer (4.0.3) from /home/student/.rvm/gems/ruby-2.1.0/specifications/actionmailer-4.0.3.gemspec
I, [2014-03-28T10:41:56.153655 #2620]  INFO -- : 0:  activemodel (4.0.3) from /home/student/.rvm/gems/ruby-2.1.0/specifications/activemodel-4.0.3.gemspec
I, [2014-03-28T10:41:56.154513 #2620]  INFO -- : 0:  activerecord-deprecated_finders (1.0.3) from /home/student/.rvm/gems/ruby-2.1.0/specifications/activerecord-deprecated_finders-1.0.3.gemspec
I, [2014-03-28T10:41:56.159086 #2620]  INFO -- : 0:  arel (4.0.2) from /home/student/.rvm/gems/ruby-2.1.0/specifications/arel-4.0.2.gemspec
I, [2014-03-28T10:41:56.159998 #2620]  INFO -- : 0:  activerecord (4.0.3) from /home/student/.rvm/gems/ruby-2.1.0/specifications/activerecord-4.0.3.gemspec
I, [2014-03-28T10:41:56.161235 #2620]  INFO -- : 0:  sass (3.2.14) from /home/student/.rvm/gems/ruby-2.1.0/specifications/sass-3.2.14.gemspec
I, [2014-03-28T10:41:56.162358 #2620]  INFO -- : 0:  bootstrap-sass (2.3.2.0) from /home/student/.rvm/gems/ruby-2.1.0/specifications/bootstrap-sass-2.3.2.0.gemspec
I, [2014-03-28T10:41:56.163558 #2620]  INFO -- : 0:  bundler (1.5.0) from /home/student/.rvm/gems/ruby-2.1.0@global/specifications/bundler-1.5.0.gemspec
I, [2014-03-28T10:41:56.168561 #2620]  INFO -- : 0:  coffee-script-source (1.7.0) from /home/student/.rvm/gems/ruby-2.1.0/specifications/coffee-script-source-1.7.0.gemspec
I, [2014-03-28T10:41:56.169090 #2620]  INFO -- : 0:  execjs (2.0.2) from /home/student/.rvm/gems/ruby-2.1.0/specifications/execjs-2.0.2.gemspec
I, [2014-03-28T10:41:56.169437 #2620]  INFO -- : 0:  coffee-script (2.2.0) from /home/student/.rvm/gems/ruby-2.1.0/specifications/coffee-script-2.2.0.gemspec
I, [2014-03-28T10:41:56.172770 #2620]  INFO -- : 0:  thor (0.18.1) from /home/student/.rvm/gems/ruby-2.1.0/specifications/thor-0.18.1.gemspec
I, [2014-03-28T10:41:56.173661 #2620]  INFO -- : 0:  railties (4.0.3) from /home/student/.rvm/gems/ruby-2.1.0/specifications/railties-4.0.3.gemspec
I, [2014-03-28T10:41:56.174596 #2620]  INFO -- : 0:  coffee-rails (4.0.1) from /home/student/.rvm/gems/ruby-2.1.0/specifications/coffee-rails-4.0.1.gemspec
I, [2014-03-28T10:41:56.175120 #2620]  INFO -- : 0:  hike (1.2.3) from /home/student/.rvm/gems/ruby-2.1.0/specifications/hike-1.2.3.gemspec
I, [2014-03-28T10:41:56.175597 #2620]  INFO -- : 0:  jbuilder (1.5.3) from /home/student/.rvm/gems/ruby-2.1.0/specifications/jbuilder-1.5.3.gemspec
I, [2014-03-28T10:41:56.176093 #2620]  INFO -- : 0:  jquery-rails (3.1.0) from /home/student/.rvm/gems/ruby-2.1.0/specifications/jquery-rails-3.1.0.gemspec
I, [2014-03-28T10:41:58.835570 #2620]  INFO -- : 0:  json (1.8.1) from /home/student/.rvm/gems/ruby-2.1.0/specifications/json-1.8.1.gemspec
I, [2014-03-28T10:41:58.836451 #2620]  INFO -- : 0:  posix-spawn (0.3.8) from /home/student/.rvm/gems/ruby-2.1.0/specifications/posix-spawn-0.3.8.gemspec
I, [2014-03-28T10:41:58.837013 #2620]  INFO -- : 0:  yajl-ruby (1.1.0) from /home/student/.rvm/gems/ruby-2.1.0/specifications/yajl-ruby-1.1.0.gemspec
I, [2014-03-28T10:41:58.837608 #2620]  INFO -- : 0:  pygments.rb (0.5.4) from /home/student/.rvm/gems/ruby-2.1.0/specifications/pygments.rb-0.5.4.gemspec
I, [2014-03-28T10:41:58.838063 #2620]  INFO -- : 0:  quiet_assets (1.0.2) from /home/student/.rvm/gems/ruby-2.1.0/specifications/quiet_assets-1.0.2.gemspec
I, [2014-03-28T10:41:58.838607 #2620]  INFO -- : 0:  tilt (1.4.1) from /home/student/.rvm/gems/ruby-2.1.0/specifications/tilt-1.4.1.gemspec
I, [2014-03-28T10:41:58.839098 #2620]  INFO -- : 0:  sprockets (2.11.0) from /home/student/.rvm/gems/ruby-2.1.0/specifications/sprockets-2.11.0.gemspec
I, [2014-03-28T10:41:58.839620 #2620]  INFO -- : 0:  sprockets-rails (2.0.1) from /home/student/.rvm/gems/ruby-2.1.0/specifications/sprockets-rails-2.0.1.gemspec
I, [2014-03-28T10:41:58.840166 #2620]  INFO -- : 0:  rails (4.0.3) from /home/student/.rvm/gems/ruby-2.1.0/specifications/rails-4.0.3.gemspec
I, [2014-03-28T10:41:58.840683 #2620]  INFO -- : 0:  rdoc (4.1.1) from /home/student/.rvm/gems/ruby-2.1.0/specifications/rdoc-4.1.1.gemspec
I, [2014-03-28T10:41:58.841436 #2620]  INFO -- : 0:  redcarpet (3.1.1) from /home/student/.rvm/gems/ruby-2.1.0/specifications/redcarpet-3.1.1.gemspec
I, [2014-03-28T10:41:58.842329 #2620]  INFO -- : 0:  sass-rails (4.0.1) from /home/student/.rvm/gems/ruby-2.1.0/specifications/sass-rails-4.0.1.gemspec
I, [2014-03-28T10:41:58.842948 #2620]  INFO -- : 0:  sdoc (0.4.0) from /home/student/.rvm/gems/ruby-2.1.0/specifications/sdoc-0.4.0.gemspec
I, [2014-03-28T10:41:58.843446 #2620]  INFO -- : 0:  sqlite3 (1.3.9) from /home/student/.rvm/gems/ruby-2.1.0/specifications/sqlite3-1.3.9.gemspec
I, [2014-03-28T10:41:58.843964 #2620]  INFO -- : 0:  uglifier (2.4.0) from /home/student/.rvm/gems/ruby-2.1.0/specifications/uglifier-2.4.0.gemspec
I, [2014-03-28T10:41:58.844461 #2620]  INFO -- : 0:  will_paginate (3.0.5) from /home/student/.rvm/gems/ruby-2.1.0/specifications/will_paginate-3.0.5.gemspec
I, [2014-03-28T10:41:58.844810 #2620]  INFO -- : 0:  will_paginate-bootstrap (1.0.0) from /home/student/.rvm/gems/ruby-2.1.0/specifications/will_paginate-bootstrap-1.0.0.gemspec
I, [2014-03-28T12:10:28.630304 #2566]  INFO -- : 0:  rake (10.1.1) from /home/student/.rvm/gems/ruby-2.1.0/specifications/rake-10.1.1.gemspec
I, [2014-03-28T12:10:28.643894 #2566]  INFO -- : 0:  i18n (0.6.9) from /home/student/.rvm/gems/ruby-2.1.0/specifications/i18n-0.6.9.gemspec
I, [2014-03-28T12:10:28.747088 #2566]  INFO -- : 0:  minitest (4.7.5) from /home/student/.rvm/gems/ruby-2.1.0/specifications/minitest-4.7.5.gemspec
I, [2014-03-28T12:10:28.747767 #2566]  INFO -- : 0:  multi_json (1.9.0) from /home/student/.rvm/gems/ruby-2.1.0/specifications/multi_json-1.9.0.gemspec
I, [2014-03-28T12:10:28.748257 #2566]  INFO -- : 0:  atomic (1.1.15) from /home/student/.rvm/gems/ruby-2.1.0/specifications/atomic-1.1.15.gemspec
I, [2014-03-28T12:10:28.750469 #2566]  INFO -- : 0:  thread_safe (0.2.0) from /home/student/.rvm/gems/ruby-2.1.0/specifications/thread_safe-0.2.0.gemspec
I, [2014-03-28T12:10:28.750985 #2566]  INFO -- : 0:  tzinfo (0.3.38) from /home/student/.rvm/gems/ruby-2.1.0/specifications/tzinfo-0.3.38.gemspec
I, [2014-03-28T12:10:28.751454 #2566]  INFO -- : 0:  activesupport (4.0.3) from /home/student/.rvm/gems/ruby-2.1.0/specifications/activesupport-4.0.3.gemspec
I, [2014-03-28T12:10:28.751941 #2566]  INFO -- : 0:  builder (3.1.4) from /home/student/.rvm/gems/ruby-2.1.0/specifications/builder-3.1.4.gemspec
I, [2014-03-28T12:10:28.752382 #2566]  INFO -- : 0:  erubis (2.7.0) from /home/student/.rvm/gems/ruby-2.1.0/specifications/erubis-2.7.0.gemspec
I, [2014-03-28T12:10:28.752770 #2566]  INFO -- : 0:  rack (1.5.2) from /home/student/.rvm/gems/ruby-2.1.0/specifications/rack-1.5.2.gemspec
I, [2014-03-28T12:10:28.752983 #2566]  INFO -- : 0:  rack-test (0.6.2) from /home/student/.rvm/gems/ruby-2.1.0/specifications/rack-test-0.6.2.gemspec
I, [2014-03-28T12:10:28.753368 #2566]  INFO -- : 0:  actionpack (4.0.3) from /home/student/.rvm/gems/ruby-2.1.0/specifications/actionpack-4.0.3.gemspec
I, [2014-03-28T12:10:28.753791 #2566]  INFO -- : 0:  mime-types (1.25.1) from /home/student/.rvm/gems/ruby-2.1.0/specifications/mime-types-1.25.1.gemspec
I, [2014-03-28T12:10:28.754243 #2566]  INFO -- : 0:  polyglot (0.3.4) from /home/student/.rvm/gems/ruby-2.1.0/specifications/polyglot-0.3.4.gemspec
I, [2014-03-28T12:10:28.754688 #2566]  INFO -- : 0:  treetop (1.4.15) from /home/student/.rvm/gems/ruby-2.1.0/specifications/treetop-1.4.15.gemspec
I, [2014-03-28T12:10:28.755085 #2566]  INFO -- : 0:  mail (2.5.4) from /home/student/.rvm/gems/ruby-2.1.0/specifications/mail-2.5.4.gemspec
I, [2014-03-28T12:10:28.755533 #2566]  INFO -- : 0:  actionmailer (4.0.3) from /home/student/.rvm/gems/ruby-2.1.0/specifications/actionmailer-4.0.3.gemspec
I, [2014-03-28T12:10:28.756040 #2566]  INFO -- : 0:  activemodel (4.0.3) from /home/student/.rvm/gems/ruby-2.1.0/specifications/activemodel-4.0.3.gemspec
I, [2014-03-28T12:10:28.756456 #2566]  INFO -- : 0:  activerecord-deprecated_finders (1.0.3) from /home/student/.rvm/gems/ruby-2.1.0/specifications/activerecord-deprecated_finders-1.0.3.gemspec
I, [2014-03-28T12:10:28.756890 #2566]  INFO -- : 0:  arel (4.0.2) from /home/student/.rvm/gems/ruby-2.1.0/specifications/arel-4.0.2.gemspec
I, [2014-03-28T12:10:28.758770 #2566]  INFO -- : 0:  activerecord (4.0.3) from /home/student/.rvm/gems/ruby-2.1.0/specifications/activerecord-4.0.3.gemspec
I, [2014-03-28T12:10:28.759308 #2566]  INFO -- : 0:  sass (3.2.14) from /home/student/.rvm/gems/ruby-2.1.0/specifications/sass-3.2.14.gemspec
I, [2014-03-28T12:10:28.759711 #2566]  INFO -- : 0:  bootstrap-sass (2.3.2.0) from /home/student/.rvm/gems/ruby-2.1.0/specifications/bootstrap-sass-2.3.2.0.gemspec
I, [2014-03-28T12:10:28.760144 #2566]  INFO -- : 0:  coffee-script-source (1.7.0) from /home/student/.rvm/gems/ruby-2.1.0/specifications/coffee-script-source-1.7.0.gemspec
I, [2014-03-28T12:10:28.760596 #2566]  INFO -- : 0:  execjs (2.0.2) from /home/student/.rvm/gems/ruby-2.1.0/specifications/execjs-2.0.2.gemspec
I, [2014-03-28T12:10:28.761138 #2566]  INFO -- : 0:  coffee-script (2.2.0) from /home/student/.rvm/gems/ruby-2.1.0/specifications/coffee-script-2.2.0.gemspec
I, [2014-03-28T12:10:28.761571 #2566]  INFO -- : 0:  thor (0.18.1) from /home/student/.rvm/gems/ruby-2.1.0/specifications/thor-0.18.1.gemspec
I, [2014-03-28T12:10:28.762012 #2566]  INFO -- : 0:  railties (4.0.3) from /home/student/.rvm/gems/ruby-2.1.0/specifications/railties-4.0.3.gemspec
I, [2014-03-28T12:10:28.762437 #2566]  INFO -- : 0:  coffee-rails (4.0.1) from /home/student/.rvm/gems/ruby-2.1.0/specifications/coffee-rails-4.0.1.gemspec
I, [2014-03-28T12:10:28.762805 #2566]  INFO -- : 0:  hike (1.2.3) from /home/student/.rvm/gems/ruby-2.1.0/specifications/hike-1.2.3.gemspec
I, [2014-03-28T12:10:28.763227 #2566]  INFO -- : 0:  jbuilder (1.5.3) from /home/student/.rvm/gems/ruby-2.1.0/specifications/jbuilder-1.5.3.gemspec
I, [2014-03-28T12:10:28.763627 #2566]  INFO -- : 0:  jquery-rails (3.1.0) from /home/student/.rvm/gems/ruby-2.1.0/specifications/jquery-rails-3.1.0.gemspec
I, [2014-03-28T12:10:30.968065 #2566]  INFO -- : 0:  json (1.8.1) from /home/student/.rvm/gems/ruby-2.1.0/specifications/json-1.8.1.gemspec
I, [2014-03-28T12:10:30.968846 #2566]  INFO -- : 0:  posix-spawn (0.3.8) from /home/student/.rvm/gems/ruby-2.1.0/specifications/posix-spawn-0.3.8.gemspec
I, [2014-03-28T12:10:30.969267 #2566]  INFO -- : 0:  yajl-ruby (1.1.0) from /home/student/.rvm/gems/ruby-2.1.0/specifications/yajl-ruby-1.1.0.gemspec
I, [2014-03-28T12:10:30.970329 #2566]  INFO -- : 0:  pygments.rb (0.5.4) from /home/student/.rvm/gems/ruby-2.1.0/specifications/pygments.rb-0.5.4.gemspec
I, [2014-03-28T12:10:30.970756 #2566]  INFO -- : 0:  quiet_assets (1.0.2) from /home/student/.rvm/gems/ruby-2.1.0/specifications/quiet_assets-1.0.2.gemspec
I, [2014-03-28T12:10:30.971172 #2566]  INFO -- : 0:  bundler (1.5.0) from /home/student/.rvm/gems/ruby-2.1.0@global/specifications/bundler-1.5.0.gemspec
I, [2014-03-28T12:10:30.971609 #2566]  INFO -- : 0:  tilt (1.4.1) from /home/student/.rvm/gems/ruby-2.1.0/specifications/tilt-1.4.1.gemspec
I, [2014-03-28T12:10:30.972045 #2566]  INFO -- : 0:  sprockets (2.11.0) from /home/student/.rvm/gems/ruby-2.1.0/specifications/sprockets-2.11.0.gemspec
I, [2014-03-28T12:10:30.972510 #2566]  INFO -- : 0:  sprockets-rails (2.0.1) from /home/student/.rvm/gems/ruby-2.1.0/specifications/sprockets-rails-2.0.1.gemspec
I, [2014-03-28T12:10:30.973039 #2566]  INFO -- : 0:  rails (4.0.3) from /home/student/.rvm/gems/ruby-2.1.0/specifications/rails-4.0.3.gemspec
I, [2014-03-28T12:10:30.973306 #2566]  INFO -- : 0:  rdoc (4.1.1) from /home/student/.rvm/gems/ruby-2.1.0/specifications/rdoc-4.1.1.gemspec
I, [2014-03-28T12:10:30.973705 #2566]  INFO -- : 0:  redcarpet (3.1.1) from /home/student/.rvm/gems/ruby-2.1.0/specifications/redcarpet-3.1.1.gemspec
I, [2014-03-28T12:10:30.974141 #2566]  INFO -- : 0:  sass-rails (4.0.1) from /home/student/.rvm/gems/ruby-2.1.0/specifications/sass-rails-4.0.1.gemspec
I, [2014-03-28T12:10:30.974579 #2566]  INFO -- : 0:  sdoc (0.4.0) from /home/student/.rvm/gems/ruby-2.1.0/specifications/sdoc-0.4.0.gemspec
I, [2014-03-28T12:10:30.975028 #2566]  INFO -- : 0:  sqlite3 (1.3.9) from /home/student/.rvm/gems/ruby-2.1.0/specifications/sqlite3-1.3.9.gemspec
I, [2014-03-28T12:10:30.975483 #2566]  INFO -- : 0:  uglifier (2.4.0) from /home/student/.rvm/gems/ruby-2.1.0/specifications/uglifier-2.4.0.gemspec
I, [2014-03-28T12:10:30.975926 #2566]  INFO -- : 0:  will_paginate (3.0.5) from /home/student/.rvm/gems/ruby-2.1.0/specifications/will_paginate-3.0.5.gemspec
I, [2014-03-28T12:10:30.976386 #2566]  INFO -- : 0:  will_paginate-bootstrap (1.0.0) from /home/student/.rvm/gems/ruby-2.1.0/specifications/will_paginate-bootstrap-1.0.0.gemspec
